2011-09-21 01:34:22 Debug: Notice (1024): Please change the value of 'Security.salt' in app/config/core.php to a salt value specific to your application in [C:\xampp\htdocs\forums\cakephp-cakephp-3b830a4\cake\libs\debugger.php, line 694]
2011-09-21 01:34:22 Debug: Notice (1024): Please change the value of 'Security.cipherSeed' in app/config/core.php to a numeric (digits only) seed value specific to your application in [C:\xampp\htdocs\forums\cakephp-cakephp-3b830a4\cake\libs\debugger.php, line 698]
2011-09-23 23:53:17 Debug: Notice (1024): Please change the value of 'Security.salt' in app/config/core.php to a salt value specific to your application in [C:\xampp\htdocs\cake\libs\debugger.php, line 694]
2011-09-23 23:53:17 Debug: Notice (1024): Please change the value of 'Security.cipherSeed' in app/config/core.php to a numeric (digits only) seed value specific to your application in [C:\xampp\htdocs\cake\libs\debugger.php, line 698]
2011-09-23 23:53:19 Debug: Notice (1024): Please change the value of 'Security.salt' in app/config/core.php to a salt value specific to your application in [C:\xampp\htdocs\cake\libs\debugger.php, line 694]
2011-09-23 23:53:19 Debug: Notice (1024): Please change the value of 'Security.cipherSeed' in app/config/core.php to a numeric (digits only) seed value specific to your application in [C:\xampp\htdocs\cake\libs\debugger.php, line 698]
2011-09-24 01:31:15 Debug: Notice (1024): Please change the value of 'Security.salt' in app/config/core.php to a salt value specific to your application in [C:\xampp\htdocs\cake\libs\debugger.php, line 694]
2011-09-24 01:31:15 Debug: Notice (1024): Please change the value of 'Security.cipherSeed' in app/config/core.php to a numeric (digits only) seed value specific to your application in [C:\xampp\htdocs\cake\libs\debugger.php, line 698]
2011-09-24 01:31:33 Debug: Notice (1024): Please change the value of 'Security.salt' in app/config/core.php to a salt value specific to your application in [C:\xampp\htdocs\cake\libs\debugger.php, line 694]
2011-09-24 01:31:33 Debug: Notice (1024): Please change the value of 'Security.cipherSeed' in app/config/core.php to a numeric (digits only) seed value specific to your application in [C:\xampp\htdocs\cake\libs\debugger.php, line 698]
2011-09-24 02:09:34 Debug: Notice (1024): Please change the value of 'Security.salt' in app/config/core.php to a salt value specific to your application in [C:\xampp\htdocs\cake\libs\debugger.php, line 694]
2011-09-24 02:09:34 Debug: Notice (1024): Please change the value of 'Security.cipherSeed' in app/config/core.php to a numeric (digits only) seed value specific to your application in [C:\xampp\htdocs\cake\libs\debugger.php, line 698]
2011-09-24 02:09:36 Debug: Notice (1024): Please change the value of 'Security.salt' in app/config/core.php to a salt value specific to your application in [C:\xampp\htdocs\cake\libs\debugger.php, line 694]
2011-09-24 02:09:36 Debug: Notice (1024): Please change the value of 'Security.cipherSeed' in app/config/core.php to a numeric (digits only) seed value specific to your application in [C:\xampp\htdocs\cake\libs\debugger.php, line 698]
2011-09-24 02:11:13 Debug: Notice (1024): Please change the value of 'Security.salt' in app/config/core.php to a salt value specific to your application in [C:\xampp\htdocs\cake\libs\debugger.php, line 694]
2011-09-24 02:11:13 Debug: Notice (1024): Please change the value of 'Security.cipherSeed' in app/config/core.php to a numeric (digits only) seed value specific to your application in [C:\xampp\htdocs\cake\libs\debugger.php, line 698]
2011-09-24 17:22:22 Debug: Notice (1024): Please change the value of 'Security.salt' in app/config/core.php to a salt value specific to your application in [C:\xampp\htdocs\cake\libs\debugger.php, line 694]
2011-09-24 17:22:22 Debug: Notice (1024): Please change the value of 'Security.cipherSeed' in app/config/core.php to a numeric (digits only) seed value specific to your application in [C:\xampp\htdocs\cake\libs\debugger.php, line 698]
2011-09-24 17:25:17 Debug: Notice (1024): Please change the value of 'Security.salt' in app/config/core.php to a salt value specific to your application in [C:\xampp\htdocs\cake\libs\debugger.php, line 694]
2011-09-24 17:25:17 Debug: Notice (1024): Please change the value of 'Security.cipherSeed' in app/config/core.php to a numeric (digits only) seed value specific to your application in [C:\xampp\htdocs\cake\libs\debugger.php, line 698]
2011-09-24 17:46:02 Debug: Notice (1024): Please change the value of 'Security.salt' in app/config/core.php to a salt value specific to your application in [C:\xampp\htdocs\cake\libs\debugger.php, line 694]
2011-09-24 17:46:02 Debug: Notice (1024): Please change the value of 'Security.cipherSeed' in app/config/core.php to a numeric (digits only) seed value specific to your application in [C:\xampp\htdocs\cake\libs\debugger.php, line 698]
2011-09-24 18:50:11 Debug: Notice (1024): Please change the value of 'Security.salt' in app/config/core.php to a salt value specific to your application in [C:\xampp\htdocs\cake\libs\debugger.php, line 694]
2011-09-24 18:50:11 Debug: Notice (1024): Please change the value of 'Security.cipherSeed' in app/config/core.php to a numeric (digits only) seed value specific to your application in [C:\xampp\htdocs\cake\libs\debugger.php, line 698]
2011-09-24 18:51:17 Debug: Notice (1024): Please change the value of 'Security.salt' in app/config/core.php to a salt value specific to your application in [C:\xampp\htdocs\cake\libs\debugger.php, line 694]
2011-09-24 18:51:17 Debug: Notice (1024): Please change the value of 'Security.cipherSeed' in app/config/core.php to a numeric (digits only) seed value specific to your application in [C:\xampp\htdocs\cake\libs\debugger.php, line 698]
2011-09-24 18:51:19 Debug: Notice (1024): Please change the value of 'Security.salt' in app/config/core.php to a salt value specific to your application in [C:\xampp\htdocs\cake\libs\debugger.php, line 694]
2011-09-24 18:51:19 Debug: Notice (1024): Please change the value of 'Security.cipherSeed' in app/config/core.php to a numeric (digits only) seed value specific to your application in [C:\xampp\htdocs\cake\libs\debugger.php, line 698]
2011-09-24 18:51:20 Debug: Notice (1024): Please change the value of 'Security.salt' in app/config/core.php to a salt value specific to your application in [C:\xampp\htdocs\cake\libs\debugger.php, line 694]
2011-09-24 18:51:20 Debug: Notice (1024): Please change the value of 'Security.cipherSeed' in app/config/core.php to a numeric (digits only) seed value specific to your application in [C:\xampp\htdocs\cake\libs\debugger.php, line 698]
2011-09-24 18:52:12 Debug: Notice (1024): Please change the value of 'Security.salt' in app/config/core.php to a salt value specific to your application in [C:\xampp\htdocs\cake\libs\debugger.php, line 694]
2011-09-24 18:52:12 Debug: Notice (1024): Please change the value of 'Security.cipherSeed' in app/config/core.php to a numeric (digits only) seed value specific to your application in [C:\xampp\htdocs\cake\libs\debugger.php, line 698]
2011-09-24 18:52:45 Debug: Notice (1024): Please change the value of 'Security.salt' in app/config/core.php to a salt value specific to your application in [C:\xampp\htdocs\cake\libs\debugger.php, line 694]
2011-09-24 18:52:45 Debug: Notice (1024): Please change the value of 'Security.cipherSeed' in app/config/core.php to a numeric (digits only) seed value specific to your application in [C:\xampp\htdocs\cake\libs\debugger.php, line 698]
2011-09-25 17:29:12 Debug: Notice (1024): Please change the value of 'Security.salt' in app/config/core.php to a salt value specific to your application in [C:\xampp\htdocs\cake\libs\debugger.php, line 694]
2011-09-25 17:29:12 Debug: Notice (1024): Please change the value of 'Security.cipherSeed' in app/config/core.php to a numeric (digits only) seed value specific to your application in [C:\xampp\htdocs\cake\libs\debugger.php, line 698]
2011-10-02 19:50:07 Debug: Notice (8): Undefined variable: fieldName in [C:\xampp\htdocs\cake\libs\view\helpers\form.php, line 708]
2011-10-02 19:50:07 Debug: Notice (8): Undefined variable: fieldName in [C:\xampp\htdocs\cake\libs\view\helpers\form.php, line 828]
2011-10-02 19:50:07 Debug: Notice (8): Undefined variable: fieldName in [C:\xampp\htdocs\cake\libs\view\helpers\form.php, line 883]
2011-10-02 19:50:07 Debug: Notice (8): Undefined variable: fieldName in [C:\xampp\htdocs\cake\libs\view\helpers\form.php, line 901]
2011-10-04 00:13:54 Debug: Notice (8): Undefined property: View::$html in [C:\xampp\htdocs\app\views\users\register.ctp, line 1]
2011-10-04 01:03:29 Debug: Notice (8): Undefined property: UsersController::$Post in [C:\xampp\htdocs\app\controllers\users_controller.php, line 26]
2011-10-04 01:03:48 Debug: Notice (8): Undefined property: UsersController::$Post in [C:\xampp\htdocs\app\controllers\users_controller.php, line 26]
2011-10-04 01:04:39 Debug: Notice (8): Undefined property: UsersController::$Post in [C:\xampp\htdocs\app\controllers\users_controller.php, line 26]
2011-10-04 01:39:22 Debug: Notice (8): Undefined index: cpassword in [C:\xampp\htdocs\app\models\user.php, line 50]
2011-10-04 01:39:22 Debug: Notice (8): Undefined index: cemail in [C:\xampp\htdocs\app\models\user.php, line 58]
2011-10-04 01:46:37 Debug: Notice (8): Undefined index: User in [C:\xampp\htdocs\app\models\user.php, line 50]
2011-10-04 01:46:37 Debug: Notice (8): Undefined index: User in [C:\xampp\htdocs\app\models\user.php, line 58]
2011-10-04 01:58:53 Debug: Notice (8): Undefined variable: data in [C:\xampp\htdocs\app\models\user.php, line 74]
2011-10-04 01:58:53 Debug: Notice (8): Undefined variable: data in [C:\xampp\htdocs\app\models\user.php, line 74]
2011-10-04 02:09:31 Debug: Notice (8): Undefined variable: data in [C:\xampp\htdocs\app\models\user.php, line 75]
2011-10-04 02:10:37 Debug: Notice (8): Undefined variable: data in [C:\xampp\htdocs\app\models\user.php, line 75]
2011-10-04 02:11:27 Debug: Notice (8): Undefined variable: data in [C:\xampp\htdocs\app\models\user.php, line 75]
2011-10-04 02:40:58 Debug: Notice (8): Use of undefined constant cakeDebug - assumed 'cakeDebug' in [C:\xampp\htdocs\app\views\layouts\default.ctp, line 14]
2011-10-04 02:41:20 Debug: Notice (8): Undefined variable: cakeDebug in [C:\xampp\htdocs\app\views\layouts\default.ctp, line 14]
2011-10-04 02:41:49 Debug: Notice (8): Undefined variable: cake_Debug in [C:\xampp\htdocs\app\views\layouts\default.ctp, line 14]
2011-10-04 02:42:00 Debug: Notice (8): Undefined variable: cake_debug in [C:\xampp\htdocs\app\views\layouts\default.ctp, line 14]
2011-10-04 02:47:15 Debug: Notice (8): Undefined variable: url in [C:\xampp\htdocs\cake\libs\controller\controller.php, line 975]
2011-10-04 02:47:18 Debug: Notice (8): Undefined variable: url in [C:\xampp\htdocs\cake\libs\controller\controller.php, line 975]
2011-10-04 02:50:20 Debug: Notice (8): Undefined property: UsersController::$Model in [C:\xampp\htdocs\app\controllers\users_controller.php, line 36]
2011-10-04 03:01:43 Debug: Notice (8): Undefined variable: log in [C:\xampp\htdocs\app\controllers\users_controller.php, line 36]
2011-10-04 03:04:02 Debug: Notice (8): Undefined property: User::$User in [C:\xampp\htdocs\app\models\user.php, line 75]
2011-10-04 03:23:38 Debug: Notice (8): Undefined variable: data in [C:\xampp\htdocs\app\models\user.php, line 68]
2011-10-04 03:23:47 Debug: Notice (8): Undefined variable: data in [C:\xampp\htdocs\app\models\user.php, line 74]
2011-10-04 03:25:04 Debug: Notice (8): Undefined variable: data in [C:\xampp\htdocs\app\models\user.php, line 75]
2011-10-04 03:43:55 Debug: Notice (8): Undefined variable: data in [C:\xampp\htdocs\app\models\user.php, line 74]
2011-10-04 03:46:28 Debug: Notice (8): Undefined variable: data in [C:\xampp\htdocs\app\models\user.php, line 78]
2011-10-04 03:47:16 Debug: Notice (8): Undefined variable: data in [C:\xampp\htdocs\app\models\user.php, line 78]
2011-10-04 03:50:02 Debug: Notice (8): Undefined variable: data in [C:\xampp\htdocs\app\models\user.php, line 78]
2011-10-04 05:44:54 Debug: Notice (8): Undefined variable: data in [C:\xampp\htdocs\app\models\user.php, line 90]
2011-10-04 05:47:51 Debug: Notice (8): Undefined index: first_name in [C:\xampp\htdocs\app\views\forums\view.ctp, line 5]
2011-10-04 05:50:01 Debug: Notice (8): Undefined index: first_name in [C:\xampp\htdocs\app\views\forums\view.ctp, line 6]
2011-10-04 05:52:31 Debug: Notice (8): Undefined variable: data in [C:\xampp\htdocs\app\models\user.php, line 90]
2011-10-04 05:54:21 Debug: Notice (8): Undefined variable: data in [C:\xampp\htdocs\app\models\user.php, line 90]
2011-10-04 06:05:19 Debug: Notice (8): Undefined variable: data in [C:\xampp\htdocs\app\models\user.php, line 93]
2011-10-04 06:06:54 Debug: Notice (8): Undefined variable: data in [C:\xampp\htdocs\app\models\user.php, line 92]
2011-10-05 02:42:24 Debug: Notice (8): Undefined index: name in [C:\xampp\htdocs\app\views\forums\view.ctp, line 36]
2011-10-05 02:42:24 Debug: Notice (8): Undefined index: summary in [C:\xampp\htdocs\app\views\forums\view.ctp, line 37]
2011-10-05 02:42:24 Debug: Notice (8): Undefined index: lastpost in [C:\xampp\htdocs\app\views\forums\view.ctp, line 39]
2011-10-05 02:42:24 Debug: Notice (8): Undefined index: modified in [C:\xampp\htdocs\app\views\forums\view.ctp, line 39]
2011-10-05 02:52:00 Debug: Notice (8): Undefined index: Forum in [C:\xampp\htdocs\app\views\forums\view.ctp, line 34]
2011-10-05 02:56:28 Debug: Notice (8): Undefined variable: last in [C:\xampp\htdocs\app\views\forums\view.ctp, line 38]
2011-10-05 03:22:23 Debug: Notice (8): Undefined variable: time in [C:\xampp\htdocs\app\views\forums\view.ctp, line 59]
2011-10-05 03:26:24 Debug: Notice (8): Undefined variable: time in [C:\xampp\htdocs\app\views\forums\view.ctp, line 59]
2011-10-05 03:26:27 Debug: Notice (8): Undefined variable: time in [C:\xampp\htdocs\app\views\forums\view.ctp, line 59]
2011-10-05 03:34:24 Debug: Notice (8): Undefined variable: time in [C:\xampp\htdocs\app\views\forums\view.ctp, line 59]
2011-10-05 03:35:04 Debug: Notice (8): Undefined variable: time in [C:\xampp\htdocs\app\views\forums\view.ctp, line 59]
2011-10-05 03:35:07 Debug: Notice (8): Undefined variable: time in [C:\xampp\htdocs\app\views\forums\view.ctp, line 59]
2011-10-05 03:35:07 Debug: Notice (8): Undefined variable: time in [C:\xampp\htdocs\app\views\forums\view.ctp, line 59]
2011-10-05 03:45:33 Debug: Notice (8): Undefined variable: time in [C:\xampp\htdocs\app\views\forums\view.ctp, line 59]
2011-10-05 03:45:34 Debug: Notice (8): Undefined variable: time in [C:\xampp\htdocs\app\views\forums\view.ctp, line 59]
2011-10-05 03:45:36 Debug: Notice (8): Undefined variable: time in [C:\xampp\htdocs\app\views\forums\view.ctp, line 59]
2011-10-05 03:51:03 Debug: Notice (8): Undefined property: View::$time in [C:\xampp\htdocs\app\views\forums\view.ctp, line 59]
2011-10-05 03:51:04 Debug: Notice (8): Undefined property: View::$time in [C:\xampp\htdocs\app\views\forums\view.ctp, line 59]
2011-10-05 03:51:05 Debug: Notice (8): Undefined property: View::$time in [C:\xampp\htdocs\app\views\forums\view.ctp, line 59]
2011-10-05 03:51:05 Debug: Notice (8): Undefined property: View::$time in [C:\xampp\htdocs\app\views\forums\view.ctp, line 59]
2011-10-05 03:56:55 Debug: Notice (8): Undefined variable: time in [C:\xampp\htdocs\app\views\forums\view.ctp, line 59]
2011-10-05 04:00:15 Debug: Notice (8): Undefined property: View::$Time in [C:\xampp\htdocs\app\views\forums\view.ctp, line 59]
2011-10-05 04:00:16 Debug: Notice (8): Undefined property: View::$Time in [C:\xampp\htdocs\app\views\forums\view.ctp, line 59]
2011-10-05 04:00:22 Debug: Notice (8): Undefined variable: Time in [C:\xampp\htdocs\app\views\forums\view.ctp, line 59]
2011-10-05 04:00:23 Debug: Notice (8): Undefined variable: Time in [C:\xampp\htdocs\app\views\forums\view.ctp, line 59]
2011-10-05 04:01:03 Debug: Notice (8): Undefined variable: time in [C:\xampp\htdocs\app\views\forums\view.ctp, line 59]
2011-10-05 04:01:49 Debug: Notice (8): Undefined variable: time in [C:\xampp\htdocs\app\views\forums\view.ctp, line 59]
2011-10-05 04:01:50 Debug: Notice (8): Undefined variable: time in [C:\xampp\htdocs\app\views\forums\view.ctp, line 59]
2011-10-05 04:02:04 Debug: Notice (8): Undefined property: View::$time in [C:\xampp\htdocs\app\views\forums\view.ctp, line 59]
2011-10-05 04:02:27 Debug: Notice (8): Undefined variable: time in [C:\xampp\htdocs\app\views\forums\view.ctp, line 59]
2011-10-05 04:02:34 Debug: Notice (8): Undefined variable: time in [C:\xampp\htdocs\app\views\forums\view.ctp, line 59]
2011-10-05 04:02:35 Debug: Notice (8): Undefined variable: time in [C:\xampp\htdocs\app\views\forums\view.ctp, line 59]
2011-10-05 04:02:43 Debug: Notice (8): Undefined variable: time in [C:\xampp\htdocs\app\views\forums\view.ctp, line 59]
2011-10-05 04:48:14 Debug: Notice (8): Undefined variable: time in [C:\xampp\htdocs\app\views\forums\view.ctp, line 60]
2011-10-05 04:51:16 Debug: Notice (8): Undefined variable: TimeHelper in [C:\xampp\htdocs\app\views\forums\view.ctp, line 60]
2011-10-05 04:51:53 Debug: Notice (8): Undefined variable: timehelper in [C:\xampp\htdocs\app\views\forums\view.ctp, line 60]
2011-10-05 05:21:29 Debug: Notice (8): Undefined variable: timehelper in [C:\xampp\htdocs\app\views\forums\view.ctp, line 60]
2011-10-05 05:24:12 Debug: Notice (8): Undefined variable: timehelper in [C:\xampp\htdocs\app\views\forums\view.ctp, line 60]
2011-10-05 05:24:44 Debug: Notice (8): Undefined variable: time in [C:\xampp\htdocs\app\views\forums\view.ctp, line 60]
2011-10-05 05:30:41 Debug: Notice (8): Undefined property: View::$Time in [C:\xampp\htdocs\app\views\forums\view.ctp, line 60]
2011-10-05 05:32:00 Debug: Notice (8): Undefined variable: time in [C:\xampp\htdocs\app\views\forums\view.ctp, line 60]
2011-10-05 05:34:16 Debug: Notice (8): Undefined property: View::$Time in [C:\xampp\htdocs\app\views\forums\view.ctp, line 60]
2011-10-05 05:34:16 Debug: Notice (8): Undefined property: View::$Time in [C:\xampp\htdocs\app\views\forums\view.ctp, line 60]
2011-10-05 05:34:17 Debug: Notice (8): Undefined property: View::$Time in [C:\xampp\htdocs\app\views\forums\view.ctp, line 60]
2011-10-05 05:34:19 Debug: Notice (8): Undefined property: View::$Time in [C:\xampp\htdocs\app\views\forums\view.ctp, line 60]
2011-10-05 05:34:20 Debug: Notice (8): Undefined property: View::$Time in [C:\xampp\htdocs\app\views\forums\view.ctp, line 60]
2011-10-05 05:34:43 Debug: Notice (8): Undefined property: View::$Time in [C:\xampp\htdocs\app\views\forums\view.ctp, line 60]
2011-10-05 05:35:18 Debug: Notice (8): Undefined property: View::$Time in [C:\xampp\htdocs\app\views\forums\view.ctp, line 60]
2011-10-05 05:36:14 Debug: Notice (8): Undefined property: View::$Time in [C:\xampp\htdocs\app\views\forums\view.ctp, line 60]
2011-10-05 05:36:17 Debug: Notice (8): Undefined property: View::$Time in [C:\xampp\htdocs\app\views\forums\view.ctp, line 60]
2011-10-05 05:41:06 Debug: Notice (8): Undefined property: View::$Time in [C:\xampp\htdocs\app\views\forums\view.ctp, line 60]
2011-10-05 05:41:22 Debug: Notice (8): Undefined variable: Time in [C:\xampp\htdocs\app\views\forums\view.ctp, line 60]
2011-10-05 06:32:01 Debug: Notice (8): Undefined variable: time in [C:\xampp\htdocs\app\views\forums\view.ctp, line 60]
2011-10-05 06:34:22 Debug: Notice (8): Undefined variable: session in [C:\xampp\htdocs\app\views\forums\view.ctp, line 23]
2011-10-05 06:35:05 Debug: Notice (8): Undefined variable: session in [C:\xampp\htdocs\app\views\forums\view.ctp, line 23]
2011-10-05 06:35:06 Debug: Notice (8): Undefined variable: session in [C:\xampp\htdocs\app\views\forums\view.ctp, line 23]
2011-10-05 06:35:07 Debug: Notice (8): Undefined variable: session in [C:\xampp\htdocs\app\views\forums\view.ctp, line 23]
2011-10-05 06:35:08 Debug: Notice (8): Undefined variable: session in [C:\xampp\htdocs\app\views\forums\view.ctp, line 23]
2011-10-05 06:35:42 Debug: Notice (8): Undefined variable: time in [C:\xampp\htdocs\app\views\forums\view.ctp, line 60]
2011-10-05 06:39:44 Debug: Notice (8): Undefined variable: time in [C:\xampp\htdocs\app\views\forums\view.ctp, line 60]
2011-10-05 06:40:02 Debug: Notice (8): Undefined variable: session in [C:\xampp\htdocs\app\views\forums\view.ctp, line 23]
2011-10-05 06:50:34 Debug: Notice (8): Undefined variable: data in [C:\xampp\htdocs\app\views\forums\view.ctp, line 62]
2011-10-05 06:50:34 Debug: Notice (8): Undefined property: View::$Auth in [C:\xampp\htdocs\app\views\forums\view.ctp, line 62]
2011-10-06 00:43:07 Debug: Notice (8): Undefined variable: online in [C:\xampp\htdocs\app\views\layouts\forum.ctp, line 15]
2011-10-06 00:43:07 Debug: Notice (8): Undefined variable: online in [C:\xampp\htdocs\app\views\layouts\forum.ctp, line 24]
2011-10-06 00:43:50 Debug: Notice (8): Undefined variable: online in [C:\xampp\htdocs\app\views\layouts\forum.ctp, line 15]
2011-10-06 00:43:50 Debug: Notice (8): Undefined variable: online in [C:\xampp\htdocs\app\views\layouts\forum.ctp, line 24]
2011-10-06 00:44:43 Debug: Notice (8): Undefined variable: online in [C:\xampp\htdocs\app\views\layouts\forum.ctp, line 15]
2011-10-06 00:44:43 Debug: Notice (8): Undefined variable: online in [C:\xampp\htdocs\app\views\layouts\forum.ctp, line 24]
2011-10-06 00:51:28 Debug: Notice (8): Undefined variable: online in [C:\xampp\htdocs\app\views\threads\view.ctp, line 4]
2011-10-06 00:51:28 Debug: Notice (8): Undefined variable: online in [C:\xampp\htdocs\app\views\threads\view.ctp, line 13]
2011-10-06 01:18:33 Debug: Notice (8): Undefined variable: crumb in [C:\xampp\htdocs\app\views\layouts\forum.ctp, line 35]
2011-10-06 01:44:19 Debug: Notice (8): Undefined variable: title in [C:\xampp\htdocs\app\views\layouts\forum.ctp, line 35]
2011-10-06 03:03:22 Debug: Notice (8): Undefined property: Thread::$Forum in [C:\xampp\htdocs\app\controllers\threads_controller.php, line 25]
2011-10-06 03:04:02 Debug: Notice (8): Undefined property: ThreadsController::$Forum in [C:\xampp\htdocs\app\controllers\threads_controller.php, line 25]
2011-10-06 03:12:28 Debug: Notice (8): Undefined index: Forum in [C:\xampp\htdocs\app\controllers\threads_controller.php, line 28]
2011-10-06 04:21:10 Debug: Notice (8): Undefined property: ThreadsController::$User in [C:\xampp\htdocs\app\controllers\threads_controller.php, line 27]
2011-10-06 04:23:11 Debug: Notice (8): Undefined property: ThreadsController::$User in [C:\xampp\htdocs\app\controllers\threads_controller.php, line 27]
2011-10-06 04:29:54 Debug: Notice (8): Undefined variable: user in [C:\xampp\htdocs\app\controllers\threads_controller.php, line 30]
2011-10-06 04:30:36 Debug: Notice (8): Undefined index: Thread in [C:\xampp\htdocs\app\views\threads\view.ctp, line 21]
2011-10-06 04:30:36 Debug: Notice (8): Undefined index: User in [C:\xampp\htdocs\app\views\threads\view.ctp, line 23]
2011-10-06 04:30:36 Debug: Notice (8): Undefined index: Thread in [C:\xampp\htdocs\app\views\threads\view.ctp, line 38]
2011-10-06 04:30:36 Debug: Notice (8): Undefined index: Thread in [C:\xampp\htdocs\app\views\threads\view.ctp, line 44]
2011-10-06 04:31:12 Debug: Notice (8): Undefined index: Thread in [C:\xampp\htdocs\app\views\threads\view.ctp, line 22]
2011-10-06 04:31:12 Debug: Notice (8): Undefined index: User in [C:\xampp\htdocs\app\views\threads\view.ctp, line 24]
2011-10-06 04:31:12 Debug: Notice (8): Undefined index: Thread in [C:\xampp\htdocs\app\views\threads\view.ctp, line 39]
2011-10-06 04:31:12 Debug: Notice (8): Undefined index: Thread in [C:\xampp\htdocs\app\views\threads\view.ctp, line 45]
2011-10-06 04:32:43 Debug: Notice (8): Undefined index: Thread in [C:\xampp\htdocs\app\views\threads\view.ctp, line 25]
2011-10-06 04:32:43 Debug: Notice (8): Undefined index: User in [C:\xampp\htdocs\app\views\threads\view.ctp, line 27]
2011-10-06 04:32:43 Debug: Notice (8): Undefined index: Thread in [C:\xampp\htdocs\app\views\threads\view.ctp, line 42]
2011-10-06 04:32:43 Debug: Notice (8): Undefined index: Thread in [C:\xampp\htdocs\app\views\threads\view.ctp, line 48]
2011-10-06 04:32:45 Debug: Notice (8): Undefined index: Thread in [C:\xampp\htdocs\app\views\threads\view.ctp, line 25]
2011-10-06 04:32:45 Debug: Notice (8): Undefined index: User in [C:\xampp\htdocs\app\views\threads\view.ctp, line 27]
2011-10-06 04:32:45 Debug: Notice (8): Undefined index: Thread in [C:\xampp\htdocs\app\views\threads\view.ctp, line 42]
2011-10-06 04:32:45 Debug: Notice (8): Undefined index: Thread in [C:\xampp\htdocs\app\views\threads\view.ctp, line 48]
2011-10-06 04:35:28 Debug: Notice (8): Undefined index: User in [C:\xampp\htdocs\app\views\threads\view.ctp, line 27]
2011-10-06 04:35:28 Debug: Notice (8): Undefined index: Thread in [C:\xampp\htdocs\app\views\threads\view.ctp, line 42]
2011-10-06 04:35:28 Debug: Notice (8): Undefined index: Thread in [C:\xampp\htdocs\app\views\threads\view.ctp, line 48]
2011-10-06 04:35:59 Debug: Notice (8): Undefined offset: 0 in [C:\xampp\htdocs\app\views\threads\view.ctp, line 25]
2011-10-06 04:35:59 Debug: Notice (8): Undefined offset: 0 in [C:\xampp\htdocs\app\views\threads\view.ctp, line 27]
2011-10-06 04:35:59 Debug: Notice (8): Undefined offset: 0 in [C:\xampp\htdocs\app\views\threads\view.ctp, line 42]
2011-10-06 04:35:59 Debug: Notice (8): Undefined offset: 0 in [C:\xampp\htdocs\app\views\threads\view.ctp, line 48]
2011-10-06 04:35:59 Debug: Notice (8): Undefined index: Thread in [C:\xampp\htdocs\app\views\threads\view.ctp, line 25]
2011-10-06 04:35:59 Debug: Notice (8): Undefined index: User in [C:\xampp\htdocs\app\views\threads\view.ctp, line 27]
2011-10-06 04:35:59 Debug: Notice (8): Undefined index: Thread in [C:\xampp\htdocs\app\views\threads\view.ctp, line 42]
2011-10-06 04:35:59 Debug: Notice (8): Undefined index: Thread in [C:\xampp\htdocs\app\views\threads\view.ctp, line 48]
2011-10-06 04:36:18 Debug: Notice (8): Undefined index: Thread in [C:\xampp\htdocs\app\views\threads\view.ctp, line 25]
2011-10-06 04:36:18 Debug: Notice (8): Undefined index: User in [C:\xampp\htdocs\app\views\threads\view.ctp, line 27]
2011-10-06 04:36:18 Debug: Notice (8): Undefined index: Thread in [C:\xampp\htdocs\app\views\threads\view.ctp, line 42]
2011-10-06 04:36:18 Debug: Notice (8): Undefined index: Thread in [C:\xampp\htdocs\app\views\threads\view.ctp, line 48]
2011-10-06 04:36:25 Debug: Notice (8): Undefined index: Thread in [C:\xampp\htdocs\app\views\threads\view.ctp, line 25]
2011-10-06 04:36:25 Debug: Notice (8): Undefined index: User in [C:\xampp\htdocs\app\views\threads\view.ctp, line 27]
2011-10-06 04:36:25 Debug: Notice (8): Undefined index: Thread in [C:\xampp\htdocs\app\views\threads\view.ctp, line 42]
2011-10-06 04:36:25 Debug: Notice (8): Undefined index: Thread in [C:\xampp\htdocs\app\views\threads\view.ctp, line 48]
2011-10-06 04:38:26 Debug: Notice (8): Undefined index: Thread in [C:\xampp\htdocs\app\views\threads\view.ctp, line 24]
2011-10-06 04:38:26 Debug: Notice (8): Undefined index: User in [C:\xampp\htdocs\app\views\threads\view.ctp, line 26]
2011-10-06 04:38:26 Debug: Notice (8): Undefined index: Thread in [C:\xampp\htdocs\app\views\threads\view.ctp, line 41]
2011-10-06 04:38:26 Debug: Notice (8): Undefined index: Thread in [C:\xampp\htdocs\app\views\threads\view.ctp, line 47]
2011-10-06 04:39:16 Debug: Notice (8): Undefined index: Thread in [C:\xampp\htdocs\app\views\threads\view.ctp, line 24]
2011-10-06 04:39:16 Debug: Notice (8): Undefined index: User in [C:\xampp\htdocs\app\views\threads\view.ctp, line 26]
2011-10-06 04:39:16 Debug: Notice (8): Undefined index: Thread in [C:\xampp\htdocs\app\views\threads\view.ctp, line 41]
2011-10-06 04:39:16 Debug: Notice (8): Undefined index: Thread in [C:\xampp\htdocs\app\views\threads\view.ctp, line 47]
2011-10-06 04:59:39 Debug: Notice (8): Undefined index: Thread in [C:\xampp\htdocs\app\views\threads\view.ctp, line 26]
2011-10-06 04:59:39 Debug: Notice (8): Undefined index: User in [C:\xampp\htdocs\app\views\threads\view.ctp, line 28]
2011-10-06 04:59:39 Debug: Notice (8): Undefined index: Thread in [C:\xampp\htdocs\app\views\threads\view.ctp, line 43]
2011-10-06 04:59:39 Debug: Notice (8): Undefined index: Thread in [C:\xampp\htdocs\app\views\threads\view.ctp, line 49]
2011-10-06 05:01:44 Debug: Notice (8): Undefined variable: thread in [C:\xampp\htdocs\app\views\threads\view.ctp, line 10]
2011-10-06 05:01:44 Debug: Notice (8): Undefined variable: thread in [C:\xampp\htdocs\app\views\threads\view.ctp, line 12]
2011-10-06 05:02:14 Debug: Notice (8): Undefined variable: thread in [C:\xampp\htdocs\app\views\threads\view.ctp, line 10]
2011-10-06 05:02:14 Debug: Notice (8): Undefined variable: thread in [C:\xampp\htdocs\app\views\threads\view.ctp, line 12]
2011-10-06 05:02:16 Debug: Notice (8): Undefined variable: thread in [C:\xampp\htdocs\app\views\threads\view.ctp, line 10]
2011-10-06 05:02:16 Debug: Notice (8): Undefined variable: thread in [C:\xampp\htdocs\app\views\threads\view.ctp, line 12]
2011-10-06 05:02:21 Debug: Notice (8): Undefined variable: thread in [C:\xampp\htdocs\app\views\threads\view.ctp, line 10]
2011-10-06 05:02:21 Debug: Notice (8): Undefined variable: thread in [C:\xampp\htdocs\app\views\threads\view.ctp, line 12]
2011-10-06 05:02:28 Debug: Notice (8): Undefined variable: thread in [C:\xampp\htdocs\app\views\threads\view.ctp, line 10]
2011-10-06 05:02:28 Debug: Notice (8): Undefined variable: thread in [C:\xampp\htdocs\app\views\threads\view.ctp, line 12]
2011-10-06 05:02:56 Debug: Notice (8): Undefined variable: user_threads in [C:\xampp\htdocs\app\views\threads\view.ctp, line 11]
2011-10-06 05:03:16 Debug: Notice (8): Undefined variable: user_threads in [C:\xampp\htdocs\app\views\threads\view.ctp, line 11]
2011-10-06 05:03:20 Debug: Notice (8): Undefined variable: user_threads in [C:\xampp\htdocs\app\views\threads\view.ctp, line 11]
2011-10-06 05:03:28 Debug: Notice (8): Undefined offset: 0 in [C:\xampp\htdocs\app\views\threads\view.ctp, line 24]
2011-10-06 05:03:28 Debug: Notice (8): Undefined offset: 0 in [C:\xampp\htdocs\app\views\threads\view.ctp, line 41]
2011-10-06 05:03:28 Debug: Notice (8): Undefined offset: 0 in [C:\xampp\htdocs\app\views\threads\view.ctp, line 47]
2011-10-06 05:03:45 Debug: Notice (8): Undefined offset: 0 in [C:\xampp\htdocs\app\views\threads\view.ctp, line 24]
2011-10-06 05:03:45 Debug: Notice (8): Undefined offset: 0 in [C:\xampp\htdocs\app\views\threads\view.ctp, line 41]
2011-10-06 05:03:45 Debug: Notice (8): Undefined offset: 0 in [C:\xampp\htdocs\app\views\threads\view.ctp, line 47]
2011-10-06 05:04:02 Debug: Notice (8): Undefined offset: 0 in [C:\xampp\htdocs\app\views\threads\view.ctp, line 24]
2011-10-06 05:04:02 Debug: Notice (8): Undefined offset: 0 in [C:\xampp\htdocs\app\views\threads\view.ctp, line 41]
2011-10-06 05:04:02 Debug: Notice (8): Undefined offset: 0 in [C:\xampp\htdocs\app\views\threads\view.ctp, line 47]
2011-10-06 05:04:04 Debug: Notice (8): Undefined offset: 0 in [C:\xampp\htdocs\app\views\threads\view.ctp, line 24]
2011-10-06 05:04:04 Debug: Notice (8): Undefined offset: 0 in [C:\xampp\htdocs\app\views\threads\view.ctp, line 41]
2011-10-06 05:04:04 Debug: Notice (8): Undefined offset: 0 in [C:\xampp\htdocs\app\views\threads\view.ctp, line 47]
2011-10-06 05:04:15 Debug: Notice (8): Undefined index: name in [C:\xampp\htdocs\app\views\threads\view.ctp, line 24]
2011-10-06 05:04:15 Debug: Notice (8): Undefined offset: 0 in [C:\xampp\htdocs\app\views\threads\view.ctp, line 41]
2011-10-06 05:04:15 Debug: Notice (8): Undefined offset: 0 in [C:\xampp\htdocs\app\views\threads\view.ctp, line 47]
2011-10-06 05:04:36 Debug: Notice (8): Undefined index: name in [C:\xampp\htdocs\app\views\threads\view.ctp, line 25]
2011-10-06 05:04:36 Debug: Notice (8): Undefined offset: 0 in [C:\xampp\htdocs\app\views\threads\view.ctp, line 42]
2011-10-06 05:04:36 Debug: Notice (8): Undefined offset: 0 in [C:\xampp\htdocs\app\views\threads\view.ctp, line 48]
2011-10-06 05:14:43 Debug: Notice (8): Undefined index: User in [C:\xampp\htdocs\app\views\threads\view.ctp, line 25]
2011-10-07 01:40:19 Debug: Notice (8): Undefined variable: forum in [C:\xampp\htdocs\app\views\threads\view.ctp, line 2]
2011-10-07 01:41:40 Debug: Notice (8): Undefined index: Forum in [C:\xampp\htdocs\app\views\threads\view.ctp, line 2]
2011-10-07 01:41:58 Debug: Notice (8): Undefined index: id in [C:\xampp\htdocs\app\views\threads\view.ctp, line 2]
2011-10-07 01:48:18 Debug: Notice (8): Undefined offset: 0 in [C:\xampp\htdocs\cake\basics.php, line 240]
2011-10-07 01:48:18 Debug: Notice (8): Undefined offset: 1 in [C:\xampp\htdocs\cake\libs\controller\controller.php, line 621]
2011-10-07 01:48:26 Debug: Notice (8): Undefined property: ThreadsController::$User in [C:\xampp\htdocs\app\controllers\threads_controller.php, line 36]
2011-10-07 01:49:01 Debug: Notice (8): Undefined variable: forum in [C:\xampp\htdocs\app\controllers\threads_controller.php, line 23]
2011-10-07 02:13:42 Debug: Notice (8): Undefined variable: html in [C:\xampp\htdocs\app\controllers\threads_controller.php, line 19]
2011-10-07 03:11:24 Debug: Notice (8): Undefined index: Thread in [C:\xampp\htdocs\app\views\threads\view.ctp, line 5]
2011-10-07 03:11:39 Debug: Notice (8): Undefined index: id in [C:\xampp\htdocs\app\views\threads\view.ctp, line 5]
2011-10-07 03:24:46 Debug: Notice (8): Undefined index: title in [C:\xampp\htdocs\app\controllers\threads_controller.php, line 24]
2011-10-07 03:46:57 Debug: Notice (8): Undefined offset: 1 in [C:\xampp\htdocs\app\controllers\threads_controller.php, line 29]
2011-10-07 03:47:29 Debug: Notice (8): Undefined offset: 1 in [C:\xampp\htdocs\app\controllers\threads_controller.php, line 30]
2011-10-07 03:48:31 Debug: Notice (8): Use of undefined constant title - assumed 'title' in [C:\xampp\htdocs\app\controllers\threads_controller.php, line 30]
2011-10-07 03:48:35 Debug: Notice (8): Undefined offset: 0 in [C:\xampp\htdocs\app\controllers\threads_controller.php, line 51]
2011-10-07 03:48:35 Debug: Notice (8): Undefined offset: 0 in [C:\xampp\htdocs\app\views\threads\view.ctp, line 2]
2011-10-07 03:48:42 Debug: Notice (8): Use of undefined constant title - assumed 'title' in [C:\xampp\htdocs\app\controllers\threads_controller.php, line 30]
2011-10-07 04:13:38 Debug: Notice (8): Undefined index: title in [C:\xampp\htdocs\app\controllers\threads_controller.php, line 31]
2011-10-07 04:14:43 Debug: Notice (8): Undefined variable: crumb in [C:\xampp\htdocs\app\views\threads\add.ctp, line 2]
2011-10-07 04:18:32 Debug: Notice (8): Undefined variable: title in [C:\xampp\htdocs\app\views\threads\add.ctp, line 2]
2011-10-07 04:18:46 Debug: Notice (8): Undefined variable: title in [C:\xampp\htdocs\app\views\threads\add.ctp, line 2]
2011-10-07 05:04:35 Debug: Notice (8): Undefined index: Thread in [C:\xampp\htdocs\app\views\threads\view.ctp, line 19]
2011-10-07 05:29:41 Debug: Notice (8): Undefined variable: thread in [C:\xampp\htdocs\app\controllers\threads_controller.php, line 56]
2011-10-07 05:29:41 Debug: Notice (8): Undefined variable: user_thread in [C:\xampp\htdocs\app\views\threads\view.ctp, line 12]
2011-10-07 05:33:47 Debug: Notice (8): Undefined variable: thread in [C:\xampp\htdocs\app\controllers\threads_controller.php, line 56]
2011-10-07 05:33:47 Debug: Notice (8): Undefined variable: user_thread in [C:\xampp\htdocs\app\views\threads\view.ctp, line 12]
2011-10-07 05:34:33 Debug: Notice (8): Undefined variable: thread in [C:\xampp\htdocs\app\controllers\threads_controller.php, line 56]
2011-10-07 05:34:33 Debug: Notice (8): Undefined variable: user_thread in [C:\xampp\htdocs\app\views\threads\view.ctp, line 12]
2011-10-07 05:48:31 Debug: Notice (8): Undefined variable: thread in [C:\xampp\htdocs\app\controllers\threads_controller.php, line 56]
2011-10-07 05:48:31 Debug: Notice (8): Undefined variable: user_thread in [C:\xampp\htdocs\app\views\threads\view.ctp, line 12]
2011-10-07 05:53:03 Debug: Notice (8): Undefined variable: thread in [C:\xampp\htdocs\app\controllers\threads_controller.php, line 56]
2011-10-07 05:53:03 Debug: Notice (8): Undefined variable: user_thread in [C:\xampp\htdocs\app\views\threads\view.ctp, line 12]
2011-10-07 05:58:07 Debug: Notice (8): Undefined variable: user in [C:\xampp\htdocs\app\controllers\threads_controller.php, line 55]
2011-10-07 05:58:07 Debug: Notice (8): Undefined variable: user_thread in [C:\xampp\htdocs\app\views\threads\view.ctp, line 12]
2011-10-07 06:02:22 Debug: Notice (8): Undefined variable: user in [C:\xampp\htdocs\app\controllers\threads_controller.php, line 55]
2011-10-07 06:02:22 Debug: Notice (8): Undefined variable: user_thread in [C:\xampp\htdocs\app\views\threads\view.ctp, line 12]
2011-10-07 06:08:16 Debug: Notice (8): Undefined variable: user_thread in [C:\xampp\htdocs\app\views\threads\view.ctp, line 12]
2011-10-07 06:08:31 Debug: Notice (8): Undefined variable: user_thread in [C:\xampp\htdocs\app\views\threads\view.ctp, line 12]
2011-10-07 06:08:36 Debug: Notice (8): Undefined variable: user_thread in [C:\xampp\htdocs\app\views\threads\view.ctp, line 12]
2011-10-07 06:09:03 Debug: Notice (8): Undefined variable: threads in [C:\xampp\htdocs\app\views\threads\view.ctp, line 12]
2011-10-07 06:10:24 Debug: Notice (8): Undefined variable: user_thread in [C:\xampp\htdocs\app\views\threads\view.ctp, line 32]
2011-10-07 06:10:38 Debug: Notice (8): Undefined variable: user_thread in [C:\xampp\htdocs\app\views\threads\view.ctp, line 32]
2011-10-07 06:11:09 Debug: Notice (8): Undefined index: username in [C:\xampp\htdocs\app\views\threads\view.ctp, line 32]
2011-10-08 05:58:46 Debug: Notice (8): Undefined property: ThreadsController::$Forum in [C:\xampp\htdocs\app\controllers\threads_controller.php, line 30]
2011-10-08 06:18:03 Debug: Notice (8): Undefined variable: forum_id in [C:\xampp\htdocs\app\views\threads\add.ctp, line 6]
2011-10-08 06:20:06 Debug: Notice (8): Undefined variable: forum_id in [C:\xampp\htdocs\app\views\threads\add.ctp, line 6]
2011-10-08 06:21:05 Debug: Notice (8): Undefined variable: forum_id in [C:\xampp\htdocs\app\views\threads\add.ctp, line 6]
2011-10-08 06:45:11 Debug: Notice (8): Undefined variable: thread in [C:\xampp\htdocs\app\controllers\threads_controller.php, line 34]
2011-10-08 06:57:16 Debug: Notice (8): Undefined variable: thread in [C:\xampp\htdocs\app\controllers\threads_controller.php, line 35]
2011-10-08 06:58:16 Debug: Notice (8): Undefined variable: thread in [C:\xampp\htdocs\app\controllers\threads_controller.php, line 35]
2011-10-08 06:59:52 Debug: Notice (8): Undefined index: threads in [C:\xampp\htdocs\app\controllers\threads_controller.php, line 33]
2011-10-08 07:06:04 Debug: Notice (8): Undefined variable: data in [C:\xampp\htdocs\app\models\user.php, line 93]
2011-10-08 18:00:23 Debug: Notice (8): Undefined variable: title in [C:\xampp\htdocs\app\views\layouts\forum.ctp, line 36]
2011-10-08 18:00:34 Debug: Notice (8): Undefined variable: title in [C:\xampp\htdocs\app\views\layouts\forum.ctp, line 36]
2011-10-08 18:04:32 Debug: Notice (8): Use of undefined constant id - assumed 'id' in [C:\xampp\htdocs\app\controllers\posts_controller.php, line 18]
2011-10-09 00:38:18 Debug: Notice (8): Undefined variable: time in [C:\xampp\htdocs\app\views\posts\view.ctp, line 4]
2011-10-09 00:39:01 Debug: Notice (8): Undefined variable: session in [C:\xampp\htdocs\app\views\layouts\forum.ctp, line 44]
2011-10-09 00:41:12 Debug: Notice (8): Undefined variable: user in [C:\xampp\htdocs\app\views\posts\view.ctp, line 8]
2011-10-09 00:45:35 Debug: Notice (8): Undefined index: Post in [C:\xampp\htdocs\app\controllers\posts_controller.php, line 29]
2011-10-09 00:46:22 Debug: Notice (8): Undefined index: username in [C:\xampp\htdocs\app\controllers\posts_controller.php, line 29]
2011-10-09 00:47:42 Debug: Notice (8): Undefined index: username in [C:\xampp\htdocs\app\controllers\posts_controller.php, line 29]
2011-10-09 00:48:07 Debug: Notice (8): Undefined index: username in [C:\xampp\htdocs\app\controllers\posts_controller.php, line 29]
2011-10-09 00:49:18 Debug: Notice (8): Undefined index: username in [C:\xampp\htdocs\app\controllers\posts_controller.php, line 27]
2011-10-09 00:50:17 Debug: Notice (8): Undefined index: username in [C:\xampp\htdocs\app\controllers\posts_controller.php, line 29]
2011-10-09 02:59:07 Debug: Notice (8): Undefined offset: 0 in [C:\xampp\htdocs\app\controllers\threads_controller.php, line 66]
2011-10-09 02:59:07 Debug: Notice (8): Undefined offset: 0 in [C:\xampp\htdocs\app\controllers\threads_controller.php, line 69]
2011-10-09 02:59:07 Debug: Notice (8): Undefined offset: 0 in [C:\xampp\htdocs\app\views\threads\view.ctp, line 2]
2011-10-09 02:59:13 Debug: Notice (8): Undefined offset: 0 in [C:\xampp\htdocs\app\controllers\threads_controller.php, line 66]
2011-10-09 02:59:13 Debug: Notice (8): Undefined offset: 0 in [C:\xampp\htdocs\app\controllers\threads_controller.php, line 69]
2011-10-09 02:59:13 Debug: Notice (8): Undefined offset: 0 in [C:\xampp\htdocs\app\views\threads\view.ctp, line 2]
2011-10-09 02:59:16 Debug: Notice (8): Undefined offset: 0 in [C:\xampp\htdocs\app\controllers\threads_controller.php, line 66]
2011-10-09 02:59:16 Debug: Notice (8): Undefined offset: 0 in [C:\xampp\htdocs\app\controllers\threads_controller.php, line 69]
2011-10-09 02:59:16 Debug: Notice (8): Undefined offset: 0 in [C:\xampp\htdocs\app\views\threads\view.ctp, line 2]
2011-10-09 02:59:18 Debug: Notice (8): Undefined offset: 0 in [C:\xampp\htdocs\app\controllers\threads_controller.php, line 66]
2011-10-09 02:59:18 Debug: Notice (8): Undefined offset: 0 in [C:\xampp\htdocs\app\controllers\threads_controller.php, line 69]
2011-10-09 02:59:18 Debug: Notice (8): Undefined offset: 0 in [C:\xampp\htdocs\app\views\threads\view.ctp, line 2]
2011-10-09 02:59:22 Debug: Notice (8): Undefined offset: 0 in [C:\xampp\htdocs\app\controllers\threads_controller.php, line 66]
2011-10-09 02:59:22 Debug: Notice (8): Undefined offset: 0 in [C:\xampp\htdocs\app\controllers\threads_controller.php, line 69]
2011-10-09 02:59:22 Debug: Notice (8): Undefined offset: 0 in [C:\xampp\htdocs\app\views\threads\view.ctp, line 2]
2011-10-09 02:59:24 Debug: Notice (8): Undefined offset: 0 in [C:\xampp\htdocs\app\controllers\threads_controller.php, line 66]
2011-10-09 02:59:24 Debug: Notice (8): Undefined offset: 0 in [C:\xampp\htdocs\app\controllers\threads_controller.php, line 69]
2011-10-09 02:59:24 Debug: Notice (8): Undefined offset: 0 in [C:\xampp\htdocs\app\views\threads\view.ctp, line 2]
2011-10-09 02:59:27 Debug: Notice (8): Undefined offset: 0 in [C:\xampp\htdocs\app\controllers\threads_controller.php, line 66]
2011-10-09 02:59:27 Debug: Notice (8): Undefined offset: 0 in [C:\xampp\htdocs\app\controllers\threads_controller.php, line 69]
2011-10-09 02:59:27 Debug: Notice (8): Undefined offset: 0 in [C:\xampp\htdocs\app\views\threads\view.ctp, line 2]
2011-10-09 02:59:45 Debug: Notice (8): Undefined offset: 0 in [C:\xampp\htdocs\app\controllers\threads_controller.php, line 69]
2011-10-09 02:59:45 Debug: Notice (8): Undefined offset: 0 in [C:\xampp\htdocs\app\views\threads\view.ctp, line 2]
2011-10-09 02:59:56 Debug: Notice (8): Undefined offset: 0 in [C:\xampp\htdocs\app\views\threads\view.ctp, line 2]
2011-10-09 02:59:59 Debug: Notice (8): Undefined offset: 0 in [C:\xampp\htdocs\app\views\threads\view.ctp, line 2]
2011-10-09 03:04:41 Debug: Notice (8): Undefined index: username in [C:\xampp\htdocs\app\views\posts\view.ctp, line 20]
2011-10-09 03:04:41 Debug: Notice (8): Undefined index: email in [C:\xampp\htdocs\app\views\posts\view.ctp, line 21]
2011-10-09 03:04:41 Debug: Notice (8): Undefined index: Post in [C:\xampp\htdocs\app\views\posts\view.ctp, line 26]
2011-10-09 03:05:08 Debug: Notice (8): Undefined index: username in [C:\xampp\htdocs\app\views\posts\view.ctp, line 21]
2011-10-09 03:05:08 Debug: Notice (8): Undefined index: email in [C:\xampp\htdocs\app\views\posts\view.ctp, line 22]
2011-10-09 03:05:08 Debug: Notice (8): Undefined index: Post in [C:\xampp\htdocs\app\views\posts\view.ctp, line 27]
2011-10-09 03:05:34 Debug: Notice (8): Undefined index: username in [C:\xampp\htdocs\app\views\posts\view.ctp, line 20]
2011-10-09 03:05:34 Debug: Notice (8): Undefined index: email in [C:\xampp\htdocs\app\views\posts\view.ctp, line 21]
2011-10-09 03:05:34 Debug: Notice (8): Undefined index: Post in [C:\xampp\htdocs\app\views\posts\view.ctp, line 26]
2011-10-09 03:05:51 Debug: Notice (8): Undefined index: Post in [C:\xampp\htdocs\app\views\posts\view.ctp, line 26]
2011-10-09 03:06:40 Debug: Notice (8): Undefined index: modified in [C:\xampp\htdocs\app\views\posts\view.ctp, line 19]
2011-10-09 03:06:40 Debug: Notice (8): Undefined index: Post in [C:\xampp\htdocs\app\views\posts\view.ctp, line 29]
2011-10-09 03:07:16 Debug: Notice (8): Undefined index: modified in [C:\xampp\htdocs\app\views\posts\view.ctp, line 21]
2011-10-09 03:07:16 Debug: Notice (8): Undefined index: Post in [C:\xampp\htdocs\app\views\posts\view.ctp, line 31]
2011-10-09 03:08:29 Debug: Notice (8): Undefined index: modified in [C:\xampp\htdocs\app\views\posts\view.ctp, line 24]
2011-10-09 03:08:29 Debug: Notice (8): Undefined offset: 0 in [C:\xampp\htdocs\app\views\posts\view.ctp, line 28]
2011-10-09 03:08:29 Debug: Notice (8): Undefined offset: 0 in [C:\xampp\htdocs\app\views\posts\view.ctp, line 29]
2011-10-09 03:08:29 Debug: Notice (8): Undefined index: Post in [C:\xampp\htdocs\app\views\posts\view.ctp, line 34]
2011-10-09 03:08:56 Debug: Notice (8): Undefined index: modified in [C:\xampp\htdocs\app\views\posts\view.ctp, line 24]
2011-10-09 03:08:56 Debug: Notice (8): Undefined offset: 0 in [C:\xampp\htdocs\app\views\posts\view.ctp, line 28]
2011-10-09 03:08:56 Debug: Notice (8): Undefined offset: 0 in [C:\xampp\htdocs\app\views\posts\view.ctp, line 29]
2011-10-09 03:08:56 Debug: Notice (8): Undefined offset: 0 in [C:\xampp\htdocs\app\views\posts\view.ctp, line 34]
2011-10-09 03:10:12 Debug: Notice (8): Undefined offset: 0 in [C:\xampp\htdocs\app\views\posts\view.ctp, line 24]
2011-10-09 03:10:12 Debug: Notice (8): Undefined offset: 0 in [C:\xampp\htdocs\app\views\posts\view.ctp, line 28]
2011-10-09 03:10:12 Debug: Notice (8): Undefined offset: 0 in [C:\xampp\htdocs\app\views\posts\view.ctp, line 29]
2011-10-09 03:10:12 Debug: Notice (8): Undefined offset: 0 in [C:\xampp\htdocs\app\views\posts\view.ctp, line 34]
2011-10-09 03:10:21 Debug: Notice (8): Undefined index: Post in [C:\xampp\htdocs\app\views\posts\view.ctp, line 24]
2011-10-09 03:10:21 Debug: Notice (8): Undefined offset: 0 in [C:\xampp\htdocs\app\views\posts\view.ctp, line 28]
2011-10-09 03:10:21 Debug: Notice (8): Undefined offset: 0 in [C:\xampp\htdocs\app\views\posts\view.ctp, line 29]
2011-10-09 03:10:21 Debug: Notice (8): Undefined offset: 0 in [C:\xampp\htdocs\app\views\posts\view.ctp, line 34]
2011-10-09 03:10:43 Debug: Notice (8): Undefined offset: 0 in [C:\xampp\htdocs\app\views\posts\view.ctp, line 28]
2011-10-09 03:10:43 Debug: Notice (8): Undefined offset: 0 in [C:\xampp\htdocs\app\views\posts\view.ctp, line 29]
2011-10-09 03:10:56 Debug: Notice (8): Undefined index: username in [C:\xampp\htdocs\app\views\posts\view.ctp, line 28]
2011-10-09 03:10:56 Debug: Notice (8): Undefined index: email in [C:\xampp\htdocs\app\views\posts\view.ctp, line 29]
2011-10-09 03:11:06 Debug: Notice (8): Undefined index: email in [C:\xampp\htdocs\app\views\posts\view.ctp, line 29]
2011-10-09 05:27:37 Debug: Notice (8): Undefined index: Thread in [C:\xampp\htdocs\app\controllers\threads_controller.php, line 70]
2011-10-09 05:27:37 Debug: Notice (8): Undefined index: Forum in [C:\xampp\htdocs\app\controllers\threads_controller.php, line 73]
2011-10-09 05:27:37 Debug: Notice (8): Undefined index: Forum in [C:\xampp\htdocs\app\views\threads\view.ctp, line 2]
2011-10-09 05:27:52 Debug: Notice (8): Undefined index: Thread in [C:\xampp\htdocs\app\controllers\threads_controller.php, line 70]
2011-10-09 05:27:52 Debug: Notice (8): Undefined index: Forum in [C:\xampp\htdocs\app\controllers\threads_controller.php, line 73]
2011-10-09 05:27:52 Debug: Notice (8): Undefined index: Forum in [C:\xampp\htdocs\app\views\threads\view.ctp, line 2]
2011-10-09 05:29:24 Debug: Notice (8): Undefined index: Thread in [C:\xampp\htdocs\app\controllers\threads_controller.php, line 70]
2011-10-09 05:29:25 Debug: Notice (8): Undefined index: Forum in [C:\xampp\htdocs\app\controllers\threads_controller.php, line 73]
2011-10-09 05:30:39 Debug: Notice (8): Undefined index: Thread in [C:\xampp\htdocs\app\controllers\threads_controller.php, line 70]
2011-10-09 05:30:39 Debug: Notice (8): Undefined index: Forum in [C:\xampp\htdocs\app\controllers\threads_controller.php, line 73]
2011-10-09 05:30:59 Debug: Notice (8): Undefined index: Thread in [C:\xampp\htdocs\app\controllers\threads_controller.php, line 71]
2011-10-09 05:30:59 Debug: Notice (8): Undefined index: Forum in [C:\xampp\htdocs\app\controllers\threads_controller.php, line 74]
2011-10-09 05:32:04 Debug: Notice (8): Undefined index: Thread in [C:\xampp\htdocs\app\controllers\threads_controller.php, line 71]
2011-10-09 05:32:04 Debug: Notice (8): Undefined index: Forum in [C:\xampp\htdocs\app\controllers\threads_controller.php, line 74]
2011-10-09 05:32:55 Debug: Notice (8): Undefined index: Forum in [C:\xampp\htdocs\app\controllers\threads_controller.php, line 73]
2011-10-09 05:32:55 Debug: Notice (8): Undefined variable: thread in [C:\xampp\htdocs\app\controllers\threads_controller.php, line 76]
2011-10-09 05:33:09 Debug: Notice (8): Undefined variable: thread in [C:\xampp\htdocs\app\controllers\threads_controller.php, line 76]
2011-10-09 05:35:33 Debug: Notice (8): Undefined index: sticky in [C:\xampp\htdocs\app\views\threads\view.ctp, line 25]
2011-10-09 05:35:33 Debug: Notice (8): Undefined index: thread_name in [C:\xampp\htdocs\app\views\threads\view.ctp, line 29]
2011-10-09 05:35:33 Debug: Notice (8): Undefined index: id in [C:\xampp\htdocs\app\views\threads\view.ctp, line 29]
2011-10-09 05:35:33 Debug: Notice (8): Undefined index: username in [C:\xampp\htdocs\app\views\threads\view.ctp, line 32]
2011-10-09 05:35:33 Debug: Notice (8): Undefined index: created in [C:\xampp\htdocs\app\views\threads\view.ctp, line 36]
2011-10-09 05:35:33 Debug: Notice (8): Undefined index: modified in [C:\xampp\htdocs\app\views\threads\view.ctp, line 51]
2011-10-09 05:35:33 Debug: Notice (8): Undefined index: posts in [C:\xampp\htdocs\app\views\threads\view.ctp, line 57]
2011-10-09 05:36:18 Debug: Notice (8): Undefined index: sticky in [C:\xampp\htdocs\app\views\threads\view.ctp, line 25]
2011-10-09 05:36:18 Debug: Notice (8): Undefined index: thread_name in [C:\xampp\htdocs\app\views\threads\view.ctp, line 29]
2011-10-09 05:36:18 Debug: Notice (8): Undefined index: id in [C:\xampp\htdocs\app\views\threads\view.ctp, line 29]
2011-10-09 05:36:18 Debug: Notice (8): Undefined index: username in [C:\xampp\htdocs\app\views\threads\view.ctp, line 32]
2011-10-09 05:36:18 Debug: Notice (8): Undefined index: created in [C:\xampp\htdocs\app\views\threads\view.ctp, line 36]
2011-10-09 05:36:18 Debug: Notice (8): Undefined index: modified in [C:\xampp\htdocs\app\views\threads\view.ctp, line 51]
2011-10-09 05:36:18 Debug: Notice (8): Undefined index: posts in [C:\xampp\htdocs\app\views\threads\view.ctp, line 57]
2011-10-09 05:36:42 Debug: Notice (8): Undefined index: sticky in [C:\xampp\htdocs\app\views\threads\view.ctp, line 25]
2011-10-09 05:36:42 Debug: Notice (8): Undefined index: thread_name in [C:\xampp\htdocs\app\views\threads\view.ctp, line 29]
2011-10-09 05:36:42 Debug: Notice (8): Undefined index: id in [C:\xampp\htdocs\app\views\threads\view.ctp, line 29]
2011-10-09 05:36:42 Debug: Notice (8): Undefined index: username in [C:\xampp\htdocs\app\views\threads\view.ctp, line 32]
2011-10-09 05:36:42 Debug: Notice (8): Undefined index: created in [C:\xampp\htdocs\app\views\threads\view.ctp, line 36]
2011-10-09 05:36:42 Debug: Notice (8): Undefined index: modified in [C:\xampp\htdocs\app\views\threads\view.ctp, line 51]
2011-10-09 05:36:42 Debug: Notice (8): Undefined index: posts in [C:\xampp\htdocs\app\views\threads\view.ctp, line 57]
2011-10-09 05:37:12 Debug: Notice (8): Undefined index: sticky in [C:\xampp\htdocs\app\views\threads\view.ctp, line 25]
2011-10-09 05:37:12 Debug: Notice (8): Undefined index: thread_name in [C:\xampp\htdocs\app\views\threads\view.ctp, line 29]
2011-10-09 05:37:12 Debug: Notice (8): Undefined index: id in [C:\xampp\htdocs\app\views\threads\view.ctp, line 29]
2011-10-09 05:37:12 Debug: Notice (8): Undefined index: username in [C:\xampp\htdocs\app\views\threads\view.ctp, line 32]
2011-10-09 05:37:12 Debug: Notice (8): Undefined index: created in [C:\xampp\htdocs\app\views\threads\view.ctp, line 36]
2011-10-09 05:37:12 Debug: Notice (8): Undefined index: modified in [C:\xampp\htdocs\app\views\threads\view.ctp, line 51]
2011-10-09 05:37:12 Debug: Notice (8): Undefined index: posts in [C:\xampp\htdocs\app\views\threads\view.ctp, line 57]
2011-10-09 05:39:20 Debug: Notice (8): Undefined index: sticky in [C:\xampp\htdocs\app\views\threads\view.ctp, line 25]
2011-10-09 05:39:20 Debug: Notice (8): Undefined index: thread_name in [C:\xampp\htdocs\app\views\threads\view.ctp, line 29]
2011-10-09 05:39:20 Debug: Notice (8): Undefined index: id in [C:\xampp\htdocs\app\views\threads\view.ctp, line 29]
2011-10-09 05:39:21 Debug: Notice (8): Undefined index: username in [C:\xampp\htdocs\app\views\threads\view.ctp, line 32]
2011-10-09 05:39:21 Debug: Notice (8): Undefined index: created in [C:\xampp\htdocs\app\views\threads\view.ctp, line 36]
2011-10-09 05:39:21 Debug: Notice (8): Undefined index: modified in [C:\xampp\htdocs\app\views\threads\view.ctp, line 51]
2011-10-09 05:39:21 Debug: Notice (8): Undefined index: posts in [C:\xampp\htdocs\app\views\threads\view.ctp, line 57]
2011-10-09 05:39:24 Debug: Notice (8): Undefined index: sticky in [C:\xampp\htdocs\app\views\threads\view.ctp, line 25]
2011-10-09 05:39:24 Debug: Notice (8): Undefined index: thread_name in [C:\xampp\htdocs\app\views\threads\view.ctp, line 29]
2011-10-09 05:39:24 Debug: Notice (8): Undefined index: id in [C:\xampp\htdocs\app\views\threads\view.ctp, line 29]
2011-10-09 05:39:24 Debug: Notice (8): Undefined index: username in [C:\xampp\htdocs\app\views\threads\view.ctp, line 32]
2011-10-09 05:39:24 Debug: Notice (8): Undefined index: created in [C:\xampp\htdocs\app\views\threads\view.ctp, line 36]
2011-10-09 05:39:24 Debug: Notice (8): Undefined index: modified in [C:\xampp\htdocs\app\views\threads\view.ctp, line 51]
2011-10-09 05:39:24 Debug: Notice (8): Undefined index: posts in [C:\xampp\htdocs\app\views\threads\view.ctp, line 57]
2011-10-09 05:39:30 Debug: Notice (8): Undefined index: sticky in [C:\xampp\htdocs\app\views\threads\view.ctp, line 25]
2011-10-09 05:39:30 Debug: Notice (8): Undefined index: thread_name in [C:\xampp\htdocs\app\views\threads\view.ctp, line 29]
2011-10-09 05:39:30 Debug: Notice (8): Undefined index: id in [C:\xampp\htdocs\app\views\threads\view.ctp, line 29]
2011-10-09 05:39:30 Debug: Notice (8): Undefined index: username in [C:\xampp\htdocs\app\views\threads\view.ctp, line 32]
2011-10-09 05:39:30 Debug: Notice (8): Undefined index: created in [C:\xampp\htdocs\app\views\threads\view.ctp, line 36]
2011-10-09 05:39:30 Debug: Notice (8): Undefined index: modified in [C:\xampp\htdocs\app\views\threads\view.ctp, line 51]
2011-10-09 05:39:30 Debug: Notice (8): Undefined index: posts in [C:\xampp\htdocs\app\views\threads\view.ctp, line 57]
2011-10-09 05:39:45 Debug: Notice (8): Undefined index: sticky in [C:\xampp\htdocs\app\views\threads\view.ctp, line 25]
2011-10-09 05:39:45 Debug: Notice (8): Undefined index: thread_name in [C:\xampp\htdocs\app\views\threads\view.ctp, line 29]
2011-10-09 05:39:45 Debug: Notice (8): Undefined index: id in [C:\xampp\htdocs\app\views\threads\view.ctp, line 29]
2011-10-09 05:39:45 Debug: Notice (8): Undefined index: username in [C:\xampp\htdocs\app\views\threads\view.ctp, line 32]
2011-10-09 05:39:45 Debug: Notice (8): Undefined index: created in [C:\xampp\htdocs\app\views\threads\view.ctp, line 36]
2011-10-09 05:39:45 Debug: Notice (8): Undefined index: modified in [C:\xampp\htdocs\app\views\threads\view.ctp, line 51]
2011-10-09 05:39:45 Debug: Notice (8): Undefined index: posts in [C:\xampp\htdocs\app\views\threads\view.ctp, line 57]
2011-10-09 05:40:16 Debug: Notice (8): Undefined index: sticky in [C:\xampp\htdocs\app\views\threads\view.ctp, line 25]
2011-10-09 05:40:16 Debug: Notice (8): Undefined index: thread_name in [C:\xampp\htdocs\app\views\threads\view.ctp, line 29]
2011-10-09 05:40:16 Debug: Notice (8): Undefined index: id in [C:\xampp\htdocs\app\views\threads\view.ctp, line 29]
2011-10-09 05:40:16 Debug: Notice (8): Undefined index: username in [C:\xampp\htdocs\app\views\threads\view.ctp, line 32]
2011-10-09 05:40:16 Debug: Notice (8): Undefined index: created in [C:\xampp\htdocs\app\views\threads\view.ctp, line 36]
2011-10-09 05:40:16 Debug: Notice (8): Undefined index: modified in [C:\xampp\htdocs\app\views\threads\view.ctp, line 51]
2011-10-09 05:40:16 Debug: Notice (8): Undefined index: posts in [C:\xampp\htdocs\app\views\threads\view.ctp, line 57]
2011-10-09 05:48:32 Debug: Notice (8): Undefined index: sticky in [C:\xampp\htdocs\app\views\threads\view.ctp, line 25]
2011-10-09 05:48:32 Debug: Notice (8): Undefined index: thread_name in [C:\xampp\htdocs\app\views\threads\view.ctp, line 29]
2011-10-09 05:48:32 Debug: Notice (8): Undefined index: id in [C:\xampp\htdocs\app\views\threads\view.ctp, line 29]
2011-10-09 05:48:32 Debug: Notice (8): Undefined index: username in [C:\xampp\htdocs\app\views\threads\view.ctp, line 32]
2011-10-09 05:48:32 Debug: Notice (8): Undefined index: created in [C:\xampp\htdocs\app\views\threads\view.ctp, line 36]
2011-10-09 05:48:32 Debug: Notice (8): Undefined index: modified in [C:\xampp\htdocs\app\views\threads\view.ctp, line 51]
2011-10-09 05:48:32 Debug: Notice (8): Undefined index: posts in [C:\xampp\htdocs\app\views\threads\view.ctp, line 57]
2011-10-09 05:49:21 Debug: Notice (8): Undefined index: sticky in [C:\xampp\htdocs\app\views\threads\view.ctp, line 25]
2011-10-09 05:49:21 Debug: Notice (8): Undefined index: thread_name in [C:\xampp\htdocs\app\views\threads\view.ctp, line 29]
2011-10-09 05:49:21 Debug: Notice (8): Undefined index: id in [C:\xampp\htdocs\app\views\threads\view.ctp, line 29]
2011-10-09 05:49:21 Debug: Notice (8): Undefined index: username in [C:\xampp\htdocs\app\views\threads\view.ctp, line 32]
2011-10-09 05:49:21 Debug: Notice (8): Undefined index: created in [C:\xampp\htdocs\app\views\threads\view.ctp, line 36]
2011-10-09 05:49:21 Debug: Notice (8): Undefined index: modified in [C:\xampp\htdocs\app\views\threads\view.ctp, line 51]
2011-10-09 05:49:21 Debug: Notice (8): Undefined index: posts in [C:\xampp\htdocs\app\views\threads\view.ctp, line 57]
2011-10-09 05:49:37 Debug: Notice (8): Undefined index: sticky in [C:\xampp\htdocs\app\views\threads\view.ctp, line 25]
2011-10-09 05:49:37 Debug: Notice (8): Undefined index: thread_name in [C:\xampp\htdocs\app\views\threads\view.ctp, line 29]
2011-10-09 05:49:37 Debug: Notice (8): Undefined index: id in [C:\xampp\htdocs\app\views\threads\view.ctp, line 29]
2011-10-09 05:49:37 Debug: Notice (8): Undefined index: username in [C:\xampp\htdocs\app\views\threads\view.ctp, line 32]
2011-10-09 05:49:37 Debug: Notice (8): Undefined index: created in [C:\xampp\htdocs\app\views\threads\view.ctp, line 36]
2011-10-09 05:49:37 Debug: Notice (8): Undefined index: modified in [C:\xampp\htdocs\app\views\threads\view.ctp, line 51]
2011-10-09 05:49:37 Debug: Notice (8): Undefined index: posts in [C:\xampp\htdocs\app\views\threads\view.ctp, line 57]
2011-10-09 05:51:28 Debug: Notice (8): Undefined index: sticky in [C:\xampp\htdocs\app\views\threads\view.ctp, line 25]
2011-10-09 05:51:28 Debug: Notice (8): Undefined index: thread_name in [C:\xampp\htdocs\app\views\threads\view.ctp, line 29]
2011-10-09 05:51:28 Debug: Notice (8): Undefined index: id in [C:\xampp\htdocs\app\views\threads\view.ctp, line 29]
2011-10-09 05:51:28 Debug: Notice (8): Undefined index: username in [C:\xampp\htdocs\app\views\threads\view.ctp, line 32]
2011-10-09 05:51:28 Debug: Notice (8): Undefined index: created in [C:\xampp\htdocs\app\views\threads\view.ctp, line 36]
2011-10-09 05:51:28 Debug: Notice (8): Undefined index: modified in [C:\xampp\htdocs\app\views\threads\view.ctp, line 51]
2011-10-09 05:51:28 Debug: Notice (8): Undefined index: posts in [C:\xampp\htdocs\app\views\threads\view.ctp, line 57]
2011-10-09 05:51:30 Debug: Notice (8): Undefined index: sticky in [C:\xampp\htdocs\app\views\threads\view.ctp, line 25]
2011-10-09 05:51:30 Debug: Notice (8): Undefined index: thread_name in [C:\xampp\htdocs\app\views\threads\view.ctp, line 29]
2011-10-09 05:51:30 Debug: Notice (8): Undefined index: id in [C:\xampp\htdocs\app\views\threads\view.ctp, line 29]
2011-10-09 05:51:30 Debug: Notice (8): Undefined index: username in [C:\xampp\htdocs\app\views\threads\view.ctp, line 32]
2011-10-09 05:51:30 Debug: Notice (8): Undefined index: created in [C:\xampp\htdocs\app\views\threads\view.ctp, line 36]
2011-10-09 05:51:30 Debug: Notice (8): Undefined index: modified in [C:\xampp\htdocs\app\views\threads\view.ctp, line 51]
2011-10-09 05:51:30 Debug: Notice (8): Undefined index: posts in [C:\xampp\htdocs\app\views\threads\view.ctp, line 57]
2011-10-09 05:51:49 Debug: Notice (8): Undefined index: sticky in [C:\xampp\htdocs\app\views\threads\view.ctp, line 25]
2011-10-09 05:51:49 Debug: Notice (8): Undefined index: thread_name in [C:\xampp\htdocs\app\views\threads\view.ctp, line 29]
2011-10-09 05:51:49 Debug: Notice (8): Undefined index: id in [C:\xampp\htdocs\app\views\threads\view.ctp, line 29]
2011-10-09 05:51:49 Debug: Notice (8): Undefined index: username in [C:\xampp\htdocs\app\views\threads\view.ctp, line 32]
2011-10-09 05:51:49 Debug: Notice (8): Undefined index: created in [C:\xampp\htdocs\app\views\threads\view.ctp, line 36]
2011-10-09 05:51:49 Debug: Notice (8): Undefined index: modified in [C:\xampp\htdocs\app\views\threads\view.ctp, line 51]
2011-10-09 05:51:49 Debug: Notice (8): Undefined index: posts in [C:\xampp\htdocs\app\views\threads\view.ctp, line 57]
2011-10-09 05:55:16 Debug: Notice (8): Undefined index: sticky in [C:\xampp\htdocs\app\views\threads\view.ctp, line 25]
2011-10-09 05:55:16 Debug: Notice (8): Undefined index: thread_name in [C:\xampp\htdocs\app\views\threads\view.ctp, line 29]
2011-10-09 05:55:16 Debug: Notice (8): Undefined index: id in [C:\xampp\htdocs\app\views\threads\view.ctp, line 29]
2011-10-09 05:55:16 Debug: Notice (8): Undefined index: username in [C:\xampp\htdocs\app\views\threads\view.ctp, line 32]
2011-10-09 05:55:16 Debug: Notice (8): Undefined index: created in [C:\xampp\htdocs\app\views\threads\view.ctp, line 36]
2011-10-09 05:55:16 Debug: Notice (8): Undefined index: modified in [C:\xampp\htdocs\app\views\threads\view.ctp, line 51]
2011-10-09 05:55:16 Debug: Notice (8): Undefined index: posts in [C:\xampp\htdocs\app\views\threads\view.ctp, line 57]
2011-10-09 06:05:54 Debug: Notice (8): Undefined index: sticky in [C:\xampp\htdocs\app\views\threads\view.ctp, line 25]
2011-10-09 06:05:54 Debug: Notice (8): Undefined index: thread_name in [C:\xampp\htdocs\app\views\threads\view.ctp, line 29]
2011-10-09 06:05:54 Debug: Notice (8): Undefined index: id in [C:\xampp\htdocs\app\views\threads\view.ctp, line 29]
2011-10-09 06:05:54 Debug: Notice (8): Undefined index: username in [C:\xampp\htdocs\app\views\threads\view.ctp, line 32]
2011-10-09 06:05:54 Debug: Notice (8): Undefined index: created in [C:\xampp\htdocs\app\views\threads\view.ctp, line 36]
2011-10-09 06:05:54 Debug: Notice (8): Undefined index: modified in [C:\xampp\htdocs\app\views\threads\view.ctp, line 51]
2011-10-09 06:05:54 Debug: Notice (8): Undefined index: posts in [C:\xampp\htdocs\app\views\threads\view.ctp, line 57]
2011-10-09 06:11:17 Debug: Notice (8): Undefined index: sticky in [C:\xampp\htdocs\app\views\threads\view.ctp, line 25]
2011-10-09 06:11:17 Debug: Notice (8): Undefined index: thread_name in [C:\xampp\htdocs\app\views\threads\view.ctp, line 29]
2011-10-09 06:11:17 Debug: Notice (8): Undefined index: id in [C:\xampp\htdocs\app\views\threads\view.ctp, line 29]
2011-10-09 06:11:17 Debug: Notice (8): Undefined index: username in [C:\xampp\htdocs\app\views\threads\view.ctp, line 32]
2011-10-09 06:11:17 Debug: Notice (8): Undefined index: created in [C:\xampp\htdocs\app\views\threads\view.ctp, line 36]
2011-10-09 06:11:17 Debug: Notice (8): Undefined index: modified in [C:\xampp\htdocs\app\views\threads\view.ctp, line 51]
2011-10-09 06:11:17 Debug: Notice (8): Undefined index: posts in [C:\xampp\htdocs\app\views\threads\view.ctp, line 57]
2011-10-09 06:12:06 Debug: Notice (8): Undefined index: sticky in [C:\xampp\htdocs\app\views\threads\view.ctp, line 25]
2011-10-09 06:12:06 Debug: Notice (8): Undefined index: thread_name in [C:\xampp\htdocs\app\views\threads\view.ctp, line 29]
2011-10-09 06:12:06 Debug: Notice (8): Undefined index: id in [C:\xampp\htdocs\app\views\threads\view.ctp, line 29]
2011-10-09 06:12:06 Debug: Notice (8): Undefined index: username in [C:\xampp\htdocs\app\views\threads\view.ctp, line 32]
2011-10-09 06:12:06 Debug: Notice (8): Undefined index: created in [C:\xampp\htdocs\app\views\threads\view.ctp, line 36]
2011-10-09 06:12:06 Debug: Notice (8): Undefined index: modified in [C:\xampp\htdocs\app\views\threads\view.ctp, line 51]
2011-10-09 06:12:06 Debug: Notice (8): Undefined index: posts in [C:\xampp\htdocs\app\views\threads\view.ctp, line 57]
2011-10-09 06:18:41 Debug: Notice (8): Undefined index: sticky in [C:\xampp\htdocs\app\views\threads\view.ctp, line 25]
2011-10-09 06:18:41 Debug: Notice (8): Undefined index: thread_name in [C:\xampp\htdocs\app\views\threads\view.ctp, line 29]
2011-10-09 06:18:41 Debug: Notice (8): Undefined index: id in [C:\xampp\htdocs\app\views\threads\view.ctp, line 29]
2011-10-09 06:18:41 Debug: Notice (8): Undefined index: username in [C:\xampp\htdocs\app\views\threads\view.ctp, line 32]
2011-10-09 06:18:41 Debug: Notice (8): Undefined index: created in [C:\xampp\htdocs\app\views\threads\view.ctp, line 36]
2011-10-09 06:18:41 Debug: Notice (8): Undefined index: modified in [C:\xampp\htdocs\app\views\threads\view.ctp, line 51]
2011-10-09 06:18:41 Debug: Notice (8): Undefined index: posts in [C:\xampp\htdocs\app\views\threads\view.ctp, line 57]
2011-10-09 06:19:25 Debug: Notice (8): Undefined index: sticky in [C:\xampp\htdocs\app\views\threads\view.ctp, line 25]
2011-10-09 06:19:25 Debug: Notice (8): Undefined index: thread_name in [C:\xampp\htdocs\app\views\threads\view.ctp, line 29]
2011-10-09 06:19:25 Debug: Notice (8): Undefined index: id in [C:\xampp\htdocs\app\views\threads\view.ctp, line 29]
2011-10-09 06:19:25 Debug: Notice (8): Undefined index: username in [C:\xampp\htdocs\app\views\threads\view.ctp, line 32]
2011-10-09 06:19:25 Debug: Notice (8): Undefined index: created in [C:\xampp\htdocs\app\views\threads\view.ctp, line 36]
2011-10-09 06:19:25 Debug: Notice (8): Undefined index: modified in [C:\xampp\htdocs\app\views\threads\view.ctp, line 51]
2011-10-09 06:19:25 Debug: Notice (8): Undefined index: posts in [C:\xampp\htdocs\app\views\threads\view.ctp, line 57]
2011-10-09 06:20:40 Debug: Notice (8): Undefined index: sticky in [C:\xampp\htdocs\app\views\threads\view.ctp, line 26]
2011-10-09 06:20:40 Debug: Notice (8): Undefined index: thread_name in [C:\xampp\htdocs\app\views\threads\view.ctp, line 30]
2011-10-09 06:20:40 Debug: Notice (8): Undefined index: id in [C:\xampp\htdocs\app\views\threads\view.ctp, line 30]
2011-10-09 06:20:40 Debug: Notice (8): Undefined index: username in [C:\xampp\htdocs\app\views\threads\view.ctp, line 33]
2011-10-09 06:20:40 Debug: Notice (8): Undefined index: created in [C:\xampp\htdocs\app\views\threads\view.ctp, line 37]
2011-10-09 06:20:40 Debug: Notice (8): Undefined index: modified in [C:\xampp\htdocs\app\views\threads\view.ctp, line 52]
2011-10-09 06:20:41 Debug: Notice (8): Undefined index: posts in [C:\xampp\htdocs\app\views\threads\view.ctp, line 58]
2011-10-09 06:21:19 Debug: Notice (8): Undefined index: modified in [C:\xampp\htdocs\app\views\threads\view.ctp, line 51]
2011-10-09 06:21:19 Debug: Notice (8): Undefined index: posts in [C:\xampp\htdocs\app\views\threads\view.ctp, line 57]
2011-10-09 21:46:21 Debug: Notice (8): Undefined property: View::$Auth in [C:\xampp\htdocs\app\views\threads\view.ctp, line 38]
2011-10-09 22:07:12 Debug: Notice (8): Undefined index: User in [C:\xampp\htdocs\app\controllers\threads_controller.php, line 10]
2011-10-09 22:07:33 Debug: Notice (8): Undefined index: User in [C:\xampp\htdocs\app\controllers\threads_controller.php, line 11]
2011-10-09 22:08:02 Debug: Notice (8): Undefined index: role in [C:\xampp\htdocs\app\controllers\threads_controller.php, line 11]
