2011-09-24 07:08:39 Warning: Warning (2): include_once(C:\xampp\htdocs\app\config\database.php) [<a href='http://php.net/function.include-once'>function.include-once</a>]: failed to open stream: No such file or directory in [C:\xampp\htdocs\cake\libs\model\connection_manager.php, line 23]
2011-09-24 07:08:39 Warning: Warning (2): include_once() [<a href='http://php.net/function.include'>function.include</a>]: Failed opening 'C:\xampp\htdocs\app\config\database.php' for inclusion (include_path='C:\xampp\htdocs;C:\xampp\htdocs\app\;.;C:\xampp\php\PEAR') in [C:\xampp\htdocs\cake\libs\model\connection_manager.php, line 23]
2011-09-24 07:08:39 Warning: Warning (2): include_once(C:\xampp\htdocs\app\config\database.php) [<a href='http://php.net/function.include-once'>function.include-once</a>]: failed to open stream: No such file or directory in [C:\xampp\htdocs\cake\libs\model\connection_manager.php, line 23]
2011-09-24 07:08:39 Warning: Warning (2): include_once() [<a href='http://php.net/function.include'>function.include</a>]: Failed opening 'C:\xampp\htdocs\app\config\database.php' for inclusion (include_path='C:\xampp\htdocs;C:\xampp\htdocs\app\;.;C:\xampp\php\PEAR') in [C:\xampp\htdocs\cake\libs\model\connection_manager.php, line 23]
2011-09-24 07:08:40 Warning: Warning (2): include_once(C:\xampp\htdocs\app\config\database.php) [<a href='http://php.net/function.include-once'>function.include-once</a>]: failed to open stream: No such file or directory in [C:\xampp\htdocs\cake\libs\model\connection_manager.php, line 23]
2011-09-24 07:08:40 Warning: Warning (2): include_once() [<a href='http://php.net/function.include'>function.include</a>]: Failed opening 'C:\xampp\htdocs\app\config\database.php' for inclusion (include_path='C:\xampp\htdocs;C:\xampp\htdocs\app\;.;C:\xampp\php\PEAR') in [C:\xampp\htdocs\cake\libs\model\connection_manager.php, line 23]
2011-09-24 07:08:46 Warning: Warning (2): include_once(C:\xampp\htdocs\app\config\database.php) [<a href='http://php.net/function.include-once'>function.include-once</a>]: failed to open stream: No such file or directory in [C:\xampp\htdocs\cake\libs\model\connection_manager.php, line 23]
2011-09-24 07:08:46 Warning: Warning (2): include_once() [<a href='http://php.net/function.include'>function.include</a>]: Failed opening 'C:\xampp\htdocs\app\config\database.php' for inclusion (include_path='C:\xampp\htdocs;C:\xampp\htdocs\app\;.;C:\xampp\php\PEAR') in [C:\xampp\htdocs\cake\libs\model\connection_manager.php, line 23]
2011-09-24 07:08:48 Warning: Warning (2): include_once(C:\xampp\htdocs\app\config\database.php) [<a href='http://php.net/function.include-once'>function.include-once</a>]: failed to open stream: No such file or directory in [C:\xampp\htdocs\cake\libs\model\connection_manager.php, line 23]
2011-09-24 07:08:48 Warning: Warning (2): include_once() [<a href='http://php.net/function.include'>function.include</a>]: Failed opening 'C:\xampp\htdocs\app\config\database.php' for inclusion (include_path='C:\xampp\htdocs;C:\xampp\htdocs\app\;.;C:\xampp\php\PEAR') in [C:\xampp\htdocs\cake\libs\model\connection_manager.php, line 23]
2011-09-24 07:08:49 Warning: Warning (2): include_once(C:\xampp\htdocs\app\config\database.php) [<a href='http://php.net/function.include-once'>function.include-once</a>]: failed to open stream: No such file or directory in [C:\xampp\htdocs\cake\libs\model\connection_manager.php, line 23]
2011-09-24 07:08:49 Warning: Warning (2): include_once() [<a href='http://php.net/function.include'>function.include</a>]: Failed opening 'C:\xampp\htdocs\app\config\database.php' for inclusion (include_path='C:\xampp\htdocs;C:\xampp\htdocs\app\;.;C:\xampp\php\PEAR') in [C:\xampp\htdocs\cake\libs\model\connection_manager.php, line 23]
2011-09-24 07:09:11 Warning: Warning (2): include_once(C:\xampp\htdocs\app\config\database.php) [<a href='http://php.net/function.include-once'>function.include-once</a>]: failed to open stream: No such file or directory in [C:\xampp\htdocs\cake\libs\model\connection_manager.php, line 23]
2011-09-24 07:09:11 Warning: Warning (2): include_once() [<a href='http://php.net/function.include'>function.include</a>]: Failed opening 'C:\xampp\htdocs\app\config\database.php' for inclusion (include_path='C:\xampp\htdocs;C:\xampp\htdocs\app\;.;C:\xampp\php\PEAR') in [C:\xampp\htdocs\cake\libs\model\connection_manager.php, line 23]
2011-09-24 07:09:13 Warning: Warning (2): include_once(C:\xampp\htdocs\app\config\database.php) [<a href='http://php.net/function.include-once'>function.include-once</a>]: failed to open stream: No such file or directory in [C:\xampp\htdocs\cake\libs\model\connection_manager.php, line 23]
2011-09-24 07:09:13 Warning: Warning (2): include_once() [<a href='http://php.net/function.include'>function.include</a>]: Failed opening 'C:\xampp\htdocs\app\config\database.php' for inclusion (include_path='C:\xampp\htdocs;C:\xampp\htdocs\app\;.;C:\xampp\php\PEAR') in [C:\xampp\htdocs\cake\libs\model\connection_manager.php, line 23]
2011-09-24 07:09:14 Warning: Warning (2): include_once(C:\xampp\htdocs\app\config\database.php) [<a href='http://php.net/function.include-once'>function.include-once</a>]: failed to open stream: No such file or directory in [C:\xampp\htdocs\cake\libs\model\connection_manager.php, line 23]
2011-09-24 07:09:14 Warning: Warning (2): include_once() [<a href='http://php.net/function.include'>function.include</a>]: Failed opening 'C:\xampp\htdocs\app\config\database.php' for inclusion (include_path='C:\xampp\htdocs;C:\xampp\htdocs\app\;.;C:\xampp\php\PEAR') in [C:\xampp\htdocs\cake\libs\model\connection_manager.php, line 23]
2011-09-24 07:09:56 Warning: Warning (2): include_once(C:\xampp\htdocs\app\config\database.php) [<a href='http://php.net/function.include-once'>function.include-once</a>]: failed to open stream: No such file or directory in [C:\xampp\htdocs\cake\libs\model\connection_manager.php, line 23]
2011-09-24 07:09:56 Warning: Warning (2): include_once() [<a href='http://php.net/function.include'>function.include</a>]: Failed opening 'C:\xampp\htdocs\app\config\database.php' for inclusion (include_path='C:\xampp\htdocs;C:\xampp\htdocs\app\;.;C:\xampp\php\PEAR') in [C:\xampp\htdocs\cake\libs\model\connection_manager.php, line 23]
2011-09-24 07:09:58 Warning: Warning (2): include_once(C:\xampp\htdocs\app\config\database.php) [<a href='http://php.net/function.include-once'>function.include-once</a>]: failed to open stream: No such file or directory in [C:\xampp\htdocs\cake\libs\model\connection_manager.php, line 23]
2011-09-24 07:09:58 Warning: Warning (2): include_once() [<a href='http://php.net/function.include'>function.include</a>]: Failed opening 'C:\xampp\htdocs\app\config\database.php' for inclusion (include_path='C:\xampp\htdocs;C:\xampp\htdocs\app\;.;C:\xampp\php\PEAR') in [C:\xampp\htdocs\cake\libs\model\connection_manager.php, line 23]
2011-09-24 07:09:59 Warning: Warning (2): include_once(C:\xampp\htdocs\app\config\database.php) [<a href='http://php.net/function.include-once'>function.include-once</a>]: failed to open stream: No such file or directory in [C:\xampp\htdocs\cake\libs\model\connection_manager.php, line 23]
2011-09-24 07:09:59 Warning: Warning (2): include_once() [<a href='http://php.net/function.include'>function.include</a>]: Failed opening 'C:\xampp\htdocs\app\config\database.php' for inclusion (include_path='C:\xampp\htdocs;C:\xampp\htdocs\app\;.;C:\xampp\php\PEAR') in [C:\xampp\htdocs\cake\libs\model\connection_manager.php, line 23]
2011-09-24 07:11:18 Warning: Warning (2): include_once(C:\xampp\htdocs\app\config\database.php) [<a href='http://php.net/function.include-once'>function.include-once</a>]: failed to open stream: No such file or directory in [C:\xampp\htdocs\cake\libs\model\connection_manager.php, line 23]
2011-09-24 07:11:18 Warning: Warning (2): include_once() [<a href='http://php.net/function.include'>function.include</a>]: Failed opening 'C:\xampp\htdocs\app\config\database.php' for inclusion (include_path='C:\xampp\htdocs;C:\xampp\htdocs\app\;.;C:\xampp\php\PEAR') in [C:\xampp\htdocs\cake\libs\model\connection_manager.php, line 23]
2011-09-24 07:11:21 Warning: Warning (2): include_once(C:\xampp\htdocs\app\config\database.php) [<a href='http://php.net/function.include-once'>function.include-once</a>]: failed to open stream: No such file or directory in [C:\xampp\htdocs\cake\libs\model\connection_manager.php, line 23]
2011-09-24 07:11:21 Warning: Warning (2): include_once() [<a href='http://php.net/function.include'>function.include</a>]: Failed opening 'C:\xampp\htdocs\app\config\database.php' for inclusion (include_path='C:\xampp\htdocs;C:\xampp\htdocs\app\;.;C:\xampp\php\PEAR') in [C:\xampp\htdocs\cake\libs\model\connection_manager.php, line 23]
2011-09-24 07:11:24 Warning: Warning (2): include_once(C:\xampp\htdocs\app\config\database.php) [<a href='http://php.net/function.include-once'>function.include-once</a>]: failed to open stream: No such file or directory in [C:\xampp\htdocs\cake\libs\model\connection_manager.php, line 23]
2011-09-24 07:11:24 Warning: Warning (2): include_once() [<a href='http://php.net/function.include'>function.include</a>]: Failed opening 'C:\xampp\htdocs\app\config\database.php' for inclusion (include_path='C:\xampp\htdocs;C:\xampp\htdocs\app\;.;C:\xampp\php\PEAR') in [C:\xampp\htdocs\cake\libs\model\connection_manager.php, line 23]
2011-09-24 07:14:01 Warning: Warning (2): include_once(C:\xampp\htdocs\app\config\database.php) [<a href='http://php.net/function.include-once'>function.include-once</a>]: failed to open stream: No such file or directory in [C:\xampp\htdocs\cake\libs\model\connection_manager.php, line 23]
2011-09-24 07:14:01 Warning: Warning (2): include_once() [<a href='http://php.net/function.include'>function.include</a>]: Failed opening 'C:\xampp\htdocs\app\config\database.php' for inclusion (include_path='C:\xampp\htdocs;C:\xampp\htdocs\app\;.;C:\xampp\php\PEAR') in [C:\xampp\htdocs\cake\libs\model\connection_manager.php, line 23]
2011-09-24 07:14:03 Warning: Warning (2): include_once(C:\xampp\htdocs\app\config\database.php) [<a href='http://php.net/function.include-once'>function.include-once</a>]: failed to open stream: No such file or directory in [C:\xampp\htdocs\cake\libs\model\connection_manager.php, line 23]
2011-09-24 07:14:03 Warning: Warning (2): include_once() [<a href='http://php.net/function.include'>function.include</a>]: Failed opening 'C:\xampp\htdocs\app\config\database.php' for inclusion (include_path='C:\xampp\htdocs;C:\xampp\htdocs\app\;.;C:\xampp\php\PEAR') in [C:\xampp\htdocs\cake\libs\model\connection_manager.php, line 23]
2011-09-24 07:14:09 Warning: Warning (2): include_once(C:\xampp\htdocs\app\config\database.php) [<a href='http://php.net/function.include-once'>function.include-once</a>]: failed to open stream: No such file or directory in [C:\xampp\htdocs\cake\libs\model\connection_manager.php, line 23]
2011-09-24 07:14:09 Warning: Warning (2): include_once() [<a href='http://php.net/function.include'>function.include</a>]: Failed opening 'C:\xampp\htdocs\app\config\database.php' for inclusion (include_path='C:\xampp\htdocs;C:\xampp\htdocs\app\;.;C:\xampp\php\PEAR') in [C:\xampp\htdocs\cake\libs\model\connection_manager.php, line 23]
2011-09-24 07:19:23 Warning: Warning (2): include_once(C:\xampp\htdocs\app\config\database.php) [<a href='http://php.net/function.include-once'>function.include-once</a>]: failed to open stream: No such file or directory in [C:\xampp\htdocs\cake\libs\model\connection_manager.php, line 23]
2011-09-24 07:19:23 Warning: Warning (2): include_once() [<a href='http://php.net/function.include'>function.include</a>]: Failed opening 'C:\xampp\htdocs\app\config\database.php' for inclusion (include_path='C:\xampp\htdocs;C:\xampp\htdocs\app\;.;C:\xampp\php\PEAR') in [C:\xampp\htdocs\cake\libs\model\connection_manager.php, line 23]
2011-09-24 07:19:26 Warning: Warning (2): include_once(C:\xampp\htdocs\app\config\database.php) [<a href='http://php.net/function.include-once'>function.include-once</a>]: failed to open stream: No such file or directory in [C:\xampp\htdocs\cake\libs\model\connection_manager.php, line 23]
2011-09-24 07:19:26 Warning: Warning (2): include_once() [<a href='http://php.net/function.include'>function.include</a>]: Failed opening 'C:\xampp\htdocs\app\config\database.php' for inclusion (include_path='C:\xampp\htdocs;C:\xampp\htdocs\app\;.;C:\xampp\php\PEAR') in [C:\xampp\htdocs\cake\libs\model\connection_manager.php, line 23]
2011-09-24 07:19:34 Warning: Warning (2): include_once(C:\xampp\htdocs\app\config\database.php) [<a href='http://php.net/function.include-once'>function.include-once</a>]: failed to open stream: No such file or directory in [C:\xampp\htdocs\cake\libs\model\connection_manager.php, line 23]
2011-09-24 07:19:34 Warning: Warning (2): include_once() [<a href='http://php.net/function.include'>function.include</a>]: Failed opening 'C:\xampp\htdocs\app\config\database.php' for inclusion (include_path='C:\xampp\htdocs;C:\xampp\htdocs\app\;.;C:\xampp\php\PEAR') in [C:\xampp\htdocs\cake\libs\model\connection_manager.php, line 23]
2011-09-24 07:30:08 Warning: Warning (2): include_once(C:\xampp\htdocs\app\config\database.php) [<a href='http://php.net/function.include-once'>function.include-once</a>]: failed to open stream: No such file or directory in [C:\xampp\htdocs\cake\libs\model\connection_manager.php, line 23]
2011-09-24 07:30:08 Warning: Warning (2): include_once() [<a href='http://php.net/function.include'>function.include</a>]: Failed opening 'C:\xampp\htdocs\app\config\database.php' for inclusion (include_path='C:\xampp\htdocs;C:\xampp\htdocs\app\;.;C:\xampp\php\PEAR') in [C:\xampp\htdocs\cake\libs\model\connection_manager.php, line 23]
2011-09-24 07:30:11 Warning: Warning (2): include_once(C:\xampp\htdocs\app\config\database.php) [<a href='http://php.net/function.include-once'>function.include-once</a>]: failed to open stream: No such file or directory in [C:\xampp\htdocs\cake\libs\model\connection_manager.php, line 23]
2011-09-24 07:30:11 Warning: Warning (2): include_once() [<a href='http://php.net/function.include'>function.include</a>]: Failed opening 'C:\xampp\htdocs\app\config\database.php' for inclusion (include_path='C:\xampp\htdocs;C:\xampp\htdocs\app\;.;C:\xampp\php\PEAR') in [C:\xampp\htdocs\cake\libs\model\connection_manager.php, line 23]
2011-09-24 07:30:19 Warning: Warning (2): include_once(C:\xampp\htdocs\app\config\database.php) [<a href='http://php.net/function.include-once'>function.include-once</a>]: failed to open stream: No such file or directory in [C:\xampp\htdocs\cake\libs\model\connection_manager.php, line 23]
2011-09-24 07:30:19 Warning: Warning (2): include_once() [<a href='http://php.net/function.include'>function.include</a>]: Failed opening 'C:\xampp\htdocs\app\config\database.php' for inclusion (include_path='C:\xampp\htdocs;C:\xampp\htdocs\app\;.;C:\xampp\php\PEAR') in [C:\xampp\htdocs\cake\libs\model\connection_manager.php, line 23]
2011-09-24 07:51:33 Warning: Warning (2): include_once(C:\xampp\htdocs\app\config\database.php) [<a href='http://php.net/function.include-once'>function.include-once</a>]: failed to open stream: No such file or directory in [C:\xampp\htdocs\cake\libs\model\connection_manager.php, line 23]
2011-09-24 07:51:33 Warning: Warning (2): include_once() [<a href='http://php.net/function.include'>function.include</a>]: Failed opening 'C:\xampp\htdocs\app\config\database.php' for inclusion (include_path='C:\xampp\htdocs;C:\xampp\htdocs\app\;.;C:\xampp\php\PEAR') in [C:\xampp\htdocs\cake\libs\model\connection_manager.php, line 23]
2011-09-24 07:51:36 Warning: Warning (2): include_once(C:\xampp\htdocs\app\config\database.php) [<a href='http://php.net/function.include-once'>function.include-once</a>]: failed to open stream: No such file or directory in [C:\xampp\htdocs\cake\libs\model\connection_manager.php, line 23]
2011-09-24 07:51:36 Warning: Warning (2): include_once() [<a href='http://php.net/function.include'>function.include</a>]: Failed opening 'C:\xampp\htdocs\app\config\database.php' for inclusion (include_path='C:\xampp\htdocs;C:\xampp\htdocs\app\;.;C:\xampp\php\PEAR') in [C:\xampp\htdocs\cake\libs\model\connection_manager.php, line 23]
2011-09-24 07:51:44 Warning: Warning (2): include_once(C:\xampp\htdocs\app\config\database.php) [<a href='http://php.net/function.include-once'>function.include-once</a>]: failed to open stream: No such file or directory in [C:\xampp\htdocs\cake\libs\model\connection_manager.php, line 23]
2011-09-24 07:51:44 Warning: Warning (2): include_once() [<a href='http://php.net/function.include'>function.include</a>]: Failed opening 'C:\xampp\htdocs\app\config\database.php' for inclusion (include_path='C:\xampp\htdocs;C:\xampp\htdocs\app\;.;C:\xampp\php\PEAR') in [C:\xampp\htdocs\cake\libs\model\connection_manager.php, line 23]
2011-09-24 09:41:21 Warning: Warning (2): include_once(C:\xampp\htdocs\app\config\database.php) [<a href='http://php.net/function.include-once'>function.include-once</a>]: failed to open stream: No such file or directory in [C:\xampp\htdocs\cake\libs\model\connection_manager.php, line 23]
2011-09-24 09:41:21 Warning: Warning (2): include_once() [<a href='http://php.net/function.include'>function.include</a>]: Failed opening 'C:\xampp\htdocs\app\config\database.php' for inclusion (include_path='C:\xampp\htdocs;C:\xampp\htdocs\app\;.;C:\xampp\php\PEAR') in [C:\xampp\htdocs\cake\libs\model\connection_manager.php, line 23]
2011-09-24 09:41:22 Warning: Warning (2): include_once(C:\xampp\htdocs\app\config\database.php) [<a href='http://php.net/function.include-once'>function.include-once</a>]: failed to open stream: No such file or directory in [C:\xampp\htdocs\cake\libs\model\connection_manager.php, line 23]
2011-09-24 09:41:22 Warning: Warning (2): include_once() [<a href='http://php.net/function.include'>function.include</a>]: Failed opening 'C:\xampp\htdocs\app\config\database.php' for inclusion (include_path='C:\xampp\htdocs;C:\xampp\htdocs\app\;.;C:\xampp\php\PEAR') in [C:\xampp\htdocs\cake\libs\model\connection_manager.php, line 23]
2011-09-24 09:41:33 Warning: Warning (2): include_once(C:\xampp\htdocs\app\config\database.php) [<a href='http://php.net/function.include-once'>function.include-once</a>]: failed to open stream: No such file or directory in [C:\xampp\htdocs\cake\libs\model\connection_manager.php, line 23]
2011-09-24 09:41:33 Warning: Warning (2): include_once() [<a href='http://php.net/function.include'>function.include</a>]: Failed opening 'C:\xampp\htdocs\app\config\database.php' for inclusion (include_path='C:\xampp\htdocs;C:\xampp\htdocs\app\;.;C:\xampp\php\PEAR') in [C:\xampp\htdocs\cake\libs\model\connection_manager.php, line 23]
2011-09-24 09:41:54 Warning: Warning (2): include_once(C:\xampp\htdocs\app\config\database.php) [<a href='http://php.net/function.include-once'>function.include-once</a>]: failed to open stream: No such file or directory in [C:\xampp\htdocs\cake\libs\model\connection_manager.php, line 23]
2011-09-24 09:41:54 Warning: Warning (2): include_once() [<a href='http://php.net/function.include'>function.include</a>]: Failed opening 'C:\xampp\htdocs\app\config\database.php' for inclusion (include_path='C:\xampp\htdocs;C:\xampp\htdocs\app\;.;C:\xampp\php\PEAR') in [C:\xampp\htdocs\cake\libs\model\connection_manager.php, line 23]
2011-09-24 09:42:36 Warning: Warning (2): include_once(C:\xampp\htdocs\app\config\database.php) [<a href='http://php.net/function.include-once'>function.include-once</a>]: failed to open stream: No such file or directory in [C:\xampp\htdocs\cake\libs\model\connection_manager.php, line 23]
2011-09-24 09:42:36 Warning: Warning (2): include_once() [<a href='http://php.net/function.include'>function.include</a>]: Failed opening 'C:\xampp\htdocs\app\config\database.php' for inclusion (include_path='C:\xampp\htdocs;C:\xampp\htdocs\app\;.;C:\xampp\php\PEAR') in [C:\xampp\htdocs\cake\libs\model\connection_manager.php, line 23]
2011-09-24 09:43:56 Warning: Warning (2): include_once(C:\xampp\htdocs\app\config\database.php) [<a href='http://php.net/function.include-once'>function.include-once</a>]: failed to open stream: No such file or directory in [C:\xampp\htdocs\cake\libs\model\connection_manager.php, line 23]
2011-09-24 09:43:56 Warning: Warning (2): include_once() [<a href='http://php.net/function.include'>function.include</a>]: Failed opening 'C:\xampp\htdocs\app\config\database.php' for inclusion (include_path='C:\xampp\htdocs;C:\xampp\htdocs\app\;.;C:\xampp\php\PEAR') in [C:\xampp\htdocs\cake\libs\model\connection_manager.php, line 23]
2011-09-24 09:50:08 Warning: Warning (2): include_once(C:\xampp\htdocs\app\config\database.php) [<a href='http://php.net/function.include-once'>function.include-once</a>]: failed to open stream: No such file or directory in [C:\xampp\htdocs\cake\libs\model\connection_manager.php, line 23]
2011-09-24 09:50:08 Warning: Warning (2): include_once() [<a href='http://php.net/function.include'>function.include</a>]: Failed opening 'C:\xampp\htdocs\app\config\database.php' for inclusion (include_path='C:\xampp\htdocs;C:\xampp\htdocs\app\;.;C:\xampp\php\PEAR') in [C:\xampp\htdocs\cake\libs\model\connection_manager.php, line 23]
2011-09-24 09:50:09 Warning: Warning (2): include_once(C:\xampp\htdocs\app\config\database.php) [<a href='http://php.net/function.include-once'>function.include-once</a>]: failed to open stream: No such file or directory in [C:\xampp\htdocs\cake\libs\model\connection_manager.php, line 23]
2011-09-24 09:50:09 Warning: Warning (2): include_once() [<a href='http://php.net/function.include'>function.include</a>]: Failed opening 'C:\xampp\htdocs\app\config\database.php' for inclusion (include_path='C:\xampp\htdocs;C:\xampp\htdocs\app\;.;C:\xampp\php\PEAR') in [C:\xampp\htdocs\cake\libs\model\connection_manager.php, line 23]
2011-09-24 09:50:20 Warning: Warning (2): include_once(C:\xampp\htdocs\app\config\database.php) [<a href='http://php.net/function.include-once'>function.include-once</a>]: failed to open stream: No such file or directory in [C:\xampp\htdocs\cake\libs\model\connection_manager.php, line 23]
2011-09-24 09:50:20 Warning: Warning (2): include_once() [<a href='http://php.net/function.include'>function.include</a>]: Failed opening 'C:\xampp\htdocs\app\config\database.php' for inclusion (include_path='C:\xampp\htdocs;C:\xampp\htdocs\app\;.;C:\xampp\php\PEAR') in [C:\xampp\htdocs\cake\libs\model\connection_manager.php, line 23]
2011-09-24 09:50:42 Warning: Warning (2): include_once(C:\xampp\htdocs\app\config\database.php) [<a href='http://php.net/function.include-once'>function.include-once</a>]: failed to open stream: No such file or directory in [C:\xampp\htdocs\cake\libs\model\connection_manager.php, line 23]
2011-09-24 09:50:42 Warning: Warning (2): include_once() [<a href='http://php.net/function.include'>function.include</a>]: Failed opening 'C:\xampp\htdocs\app\config\database.php' for inclusion (include_path='C:\xampp\htdocs;C:\xampp\htdocs\app\;.;C:\xampp\php\PEAR') in [C:\xampp\htdocs\cake\libs\model\connection_manager.php, line 23]
2011-09-24 09:51:23 Warning: Warning (2): include_once(C:\xampp\htdocs\app\config\database.php) [<a href='http://php.net/function.include-once'>function.include-once</a>]: failed to open stream: No such file or directory in [C:\xampp\htdocs\cake\libs\model\connection_manager.php, line 23]
2011-09-24 09:51:23 Warning: Warning (2): include_once() [<a href='http://php.net/function.include'>function.include</a>]: Failed opening 'C:\xampp\htdocs\app\config\database.php' for inclusion (include_path='C:\xampp\htdocs;C:\xampp\htdocs\app\;.;C:\xampp\php\PEAR') in [C:\xampp\htdocs\cake\libs\model\connection_manager.php, line 23]
2011-09-24 09:52:44 Warning: Warning (2): include_once(C:\xampp\htdocs\app\config\database.php) [<a href='http://php.net/function.include-once'>function.include-once</a>]: failed to open stream: No such file or directory in [C:\xampp\htdocs\cake\libs\model\connection_manager.php, line 23]
2011-09-24 09:52:44 Warning: Warning (2): include_once() [<a href='http://php.net/function.include'>function.include</a>]: Failed opening 'C:\xampp\htdocs\app\config\database.php' for inclusion (include_path='C:\xampp\htdocs;C:\xampp\htdocs\app\;.;C:\xampp\php\PEAR') in [C:\xampp\htdocs\cake\libs\model\connection_manager.php, line 23]
2011-09-24 09:55:25 Warning: Warning (2): include_once(C:\xampp\htdocs\app\config\database.php) [<a href='http://php.net/function.include-once'>function.include-once</a>]: failed to open stream: No such file or directory in [C:\xampp\htdocs\cake\libs\model\connection_manager.php, line 23]
2011-09-24 09:55:25 Warning: Warning (2): include_once() [<a href='http://php.net/function.include'>function.include</a>]: Failed opening 'C:\xampp\htdocs\app\config\database.php' for inclusion (include_path='C:\xampp\htdocs;C:\xampp\htdocs\app\;.;C:\xampp\php\PEAR') in [C:\xampp\htdocs\cake\libs\model\connection_manager.php, line 23]
2011-09-24 10:00:45 Warning: Warning (2): include_once(C:\xampp\htdocs\app\config\database.php) [<a href='http://php.net/function.include-once'>function.include-once</a>]: failed to open stream: No such file or directory in [C:\xampp\htdocs\cake\libs\model\connection_manager.php, line 23]
2011-09-24 10:00:45 Warning: Warning (2): include_once() [<a href='http://php.net/function.include'>function.include</a>]: Failed opening 'C:\xampp\htdocs\app\config\database.php' for inclusion (include_path='C:\xampp\htdocs;C:\xampp\htdocs\app\;.;C:\xampp\php\PEAR') in [C:\xampp\htdocs\cake\libs\model\connection_manager.php, line 23]
2011-09-24 10:11:27 Warning: Warning (2): include_once(C:\xampp\htdocs\app\config\database.php) [<a href='http://php.net/function.include-once'>function.include-once</a>]: failed to open stream: No such file or directory in [C:\xampp\htdocs\cake\libs\model\connection_manager.php, line 23]
2011-09-24 10:11:27 Warning: Warning (2): include_once() [<a href='http://php.net/function.include'>function.include</a>]: Failed opening 'C:\xampp\htdocs\app\config\database.php' for inclusion (include_path='C:\xampp\htdocs;C:\xampp\htdocs\app\;.;C:\xampp\php\PEAR') in [C:\xampp\htdocs\cake\libs\model\connection_manager.php, line 23]
2011-09-24 10:32:48 Warning: Warning (2): include_once(C:\xampp\htdocs\app\config\database.php) [<a href='http://php.net/function.include-once'>function.include-once</a>]: failed to open stream: No such file or directory in [C:\xampp\htdocs\cake\libs\model\connection_manager.php, line 23]
2011-09-24 10:32:48 Warning: Warning (2): include_once() [<a href='http://php.net/function.include'>function.include</a>]: Failed opening 'C:\xampp\htdocs\app\config\database.php' for inclusion (include_path='C:\xampp\htdocs;C:\xampp\htdocs\app\;.;C:\xampp\php\PEAR') in [C:\xampp\htdocs\cake\libs\model\connection_manager.php, line 23]
2011-09-24 11:15:29 Warning: Warning (2): include_once(C:\xampp\htdocs\app\config\database.php) [<a href='http://php.net/function.include-once'>function.include-once</a>]: failed to open stream: No such file or directory in [C:\xampp\htdocs\cake\libs\model\connection_manager.php, line 23]
2011-09-24 11:15:29 Warning: Warning (2): include_once() [<a href='http://php.net/function.include'>function.include</a>]: Failed opening 'C:\xampp\htdocs\app\config\database.php' for inclusion (include_path='C:\xampp\htdocs;C:\xampp\htdocs\app\;.;C:\xampp\php\PEAR') in [C:\xampp\htdocs\cake\libs\model\connection_manager.php, line 23]
2011-09-24 11:58:10 Warning: Warning (2): include_once(C:\xampp\htdocs\app\config\database.php) [<a href='http://php.net/function.include-once'>function.include-once</a>]: failed to open stream: No such file or directory in [C:\xampp\htdocs\cake\libs\model\connection_manager.php, line 23]
2011-09-24 11:58:10 Warning: Warning (2): include_once() [<a href='http://php.net/function.include'>function.include</a>]: Failed opening 'C:\xampp\htdocs\app\config\database.php' for inclusion (include_path='C:\xampp\htdocs;C:\xampp\htdocs\app\;.;C:\xampp\php\PEAR') in [C:\xampp\htdocs\cake\libs\model\connection_manager.php, line 23]
2011-09-24 12:40:51 Warning: Warning (2): include_once(C:\xampp\htdocs\app\config\database.php) [<a href='http://php.net/function.include-once'>function.include-once</a>]: failed to open stream: No such file or directory in [C:\xampp\htdocs\cake\libs\model\connection_manager.php, line 23]
2011-09-24 12:40:51 Warning: Warning (2): include_once() [<a href='http://php.net/function.include'>function.include</a>]: Failed opening 'C:\xampp\htdocs\app\config\database.php' for inclusion (include_path='C:\xampp\htdocs;C:\xampp\htdocs\app\;.;C:\xampp\php\PEAR') in [C:\xampp\htdocs\cake\libs\model\connection_manager.php, line 23]
2011-09-24 13:23:32 Warning: Warning (2): include_once(C:\xampp\htdocs\app\config\database.php) [<a href='http://php.net/function.include-once'>function.include-once</a>]: failed to open stream: No such file or directory in [C:\xampp\htdocs\cake\libs\model\connection_manager.php, line 23]
2011-09-24 13:23:32 Warning: Warning (2): include_once() [<a href='http://php.net/function.include'>function.include</a>]: Failed opening 'C:\xampp\htdocs\app\config\database.php' for inclusion (include_path='C:\xampp\htdocs;C:\xampp\htdocs\app\;.;C:\xampp\php\PEAR') in [C:\xampp\htdocs\cake\libs\model\connection_manager.php, line 23]
2011-09-24 14:06:14 Warning: Warning (2): include_once(C:\xampp\htdocs\app\config\database.php) [<a href='http://php.net/function.include-once'>function.include-once</a>]: failed to open stream: No such file or directory in [C:\xampp\htdocs\cake\libs\model\connection_manager.php, line 23]
2011-09-24 14:06:14 Warning: Warning (2): include_once() [<a href='http://php.net/function.include'>function.include</a>]: Failed opening 'C:\xampp\htdocs\app\config\database.php' for inclusion (include_path='C:\xampp\htdocs;C:\xampp\htdocs\app\;.;C:\xampp\php\PEAR') in [C:\xampp\htdocs\cake\libs\model\connection_manager.php, line 23]
2011-09-24 14:48:55 Warning: Warning (2): include_once(C:\xampp\htdocs\app\config\database.php) [<a href='http://php.net/function.include-once'>function.include-once</a>]: failed to open stream: No such file or directory in [C:\xampp\htdocs\cake\libs\model\connection_manager.php, line 23]
2011-09-24 14:48:55 Warning: Warning (2): include_once() [<a href='http://php.net/function.include'>function.include</a>]: Failed opening 'C:\xampp\htdocs\app\config\database.php' for inclusion (include_path='C:\xampp\htdocs;C:\xampp\htdocs\app\;.;C:\xampp\php\PEAR') in [C:\xampp\htdocs\cake\libs\model\connection_manager.php, line 23]
2011-09-24 15:31:37 Warning: Warning (2): include_once(C:\xampp\htdocs\app\config\database.php) [<a href='http://php.net/function.include-once'>function.include-once</a>]: failed to open stream: No such file or directory in [C:\xampp\htdocs\cake\libs\model\connection_manager.php, line 23]
2011-09-24 15:31:37 Warning: Warning (2): include_once() [<a href='http://php.net/function.include'>function.include</a>]: Failed opening 'C:\xampp\htdocs\app\config\database.php' for inclusion (include_path='C:\xampp\htdocs;C:\xampp\htdocs\app\;.;C:\xampp\php\PEAR') in [C:\xampp\htdocs\cake\libs\model\connection_manager.php, line 23]
2011-09-24 16:14:19 Warning: Warning (2): include_once(C:\xampp\htdocs\app\config\database.php) [<a href='http://php.net/function.include-once'>function.include-once</a>]: failed to open stream: No such file or directory in [C:\xampp\htdocs\cake\libs\model\connection_manager.php, line 23]
2011-09-24 16:14:19 Warning: Warning (2): include_once() [<a href='http://php.net/function.include'>function.include</a>]: Failed opening 'C:\xampp\htdocs\app\config\database.php' for inclusion (include_path='C:\xampp\htdocs;C:\xampp\htdocs\app\;.;C:\xampp\php\PEAR') in [C:\xampp\htdocs\cake\libs\model\connection_manager.php, line 23]
2011-09-24 16:57:00 Warning: Warning (2): include_once(C:\xampp\htdocs\app\config\database.php) [<a href='http://php.net/function.include-once'>function.include-once</a>]: failed to open stream: No such file or directory in [C:\xampp\htdocs\cake\libs\model\connection_manager.php, line 23]
2011-09-24 16:57:00 Warning: Warning (2): include_once() [<a href='http://php.net/function.include'>function.include</a>]: Failed opening 'C:\xampp\htdocs\app\config\database.php' for inclusion (include_path='C:\xampp\htdocs;C:\xampp\htdocs\app\;.;C:\xampp\php\PEAR') in [C:\xampp\htdocs\cake\libs\model\connection_manager.php, line 23]
2011-09-24 17:39:41 Warning: Warning (2): include_once(C:\xampp\htdocs\app\config\database.php) [<a href='http://php.net/function.include-once'>function.include-once</a>]: failed to open stream: No such file or directory in [C:\xampp\htdocs\cake\libs\model\connection_manager.php, line 23]
2011-09-24 17:39:41 Warning: Warning (2): include_once() [<a href='http://php.net/function.include'>function.include</a>]: Failed opening 'C:\xampp\htdocs\app\config\database.php' for inclusion (include_path='C:\xampp\htdocs;C:\xampp\htdocs\app\;.;C:\xampp\php\PEAR') in [C:\xampp\htdocs\cake\libs\model\connection_manager.php, line 23]
2011-09-24 18:22:24 Warning: Warning (2): include_once(C:\xampp\htdocs\app\config\database.php) [<a href='http://php.net/function.include-once'>function.include-once</a>]: failed to open stream: No such file or directory in [C:\xampp\htdocs\cake\libs\model\connection_manager.php, line 23]
2011-09-24 18:22:24 Warning: Warning (2): include_once() [<a href='http://php.net/function.include'>function.include</a>]: Failed opening 'C:\xampp\htdocs\app\config\database.php' for inclusion (include_path='C:\xampp\htdocs;C:\xampp\htdocs\app\;.;C:\xampp\php\PEAR') in [C:\xampp\htdocs\cake\libs\model\connection_manager.php, line 23]
2011-10-02 19:50:07 Warning: Warning (2): Missing argument 1 for FormHelper::input(), called in C:\xampp\htdocs\app\views\users\index.ctp on line 5 and defined in [C:\xampp\htdocs\cake\libs\view\helpers\form.php, line 707]
2011-10-02 19:50:07 Warning: Warning (2): explode() expects parameter 2 to be string, array given in [C:\xampp\htdocs\cake\libs\view\helper.php, line 415]
2011-10-02 19:50:07 Warning: Warning (2): array_values() expects parameter 1 to be array, boolean given in [C:\xampp\htdocs\cake\libs\view\helper.php, line 415]
2011-10-02 19:50:07 Warning: Warning (2): explode() expects parameter 2 to be string, array given in [C:\xampp\htdocs\cake\libs\view\view.php, line 633]
2011-10-02 19:50:07 Warning: Warning (2): array_shift() expects parameter 1 to be array, boolean given in [C:\xampp\htdocs\cake\libs\view\helper.php, line 616]
2011-10-02 19:50:07 Warning: Warning (2): array_map() [<a href='http://php.net/function.array-map'>function.array-map</a>]: Argument #2 should be an array in [C:\xampp\htdocs\cake\libs\view\helper.php, line 617]
2011-10-02 19:50:07 Warning: Warning (2): join() [<a href='http://php.net/function.join'>function.join</a>]: Invalid arguments passed in [C:\xampp\htdocs\cake\libs\view\helper.php, line 617]
2011-10-02 19:50:07 Warning: Warning (2): strpos() expects parameter 1 to be string, array given in [C:\xampp\htdocs\cake\libs\view\helpers\form.php, line 545]
2011-10-02 19:50:07 Warning: Warning (2): explode() expects parameter 2 to be string, array given in [C:\xampp\htdocs\cake\libs\view\helpers\form.php, line 546]
2011-10-02 19:50:07 Warning: Warning (2): array_pop() expects parameter 1 to be array, null given in [C:\xampp\htdocs\cake\libs\view\helpers\form.php, line 546]
2011-10-02 19:50:07 Warning: Warning (2): implode() [<a href='http://php.net/function.implode'>function.implode</a>]: Invalid arguments passed in [C:\xampp\htdocs\cake\libs\view\helper.php, line 662]
2011-10-02 19:50:07 Warning: Warning (2): implode() [<a href='http://php.net/function.implode'>function.implode</a>]: Invalid arguments passed in [C:\xampp\htdocs\cake\libs\view\helpers\form.php, line 440]
2011-10-04 02:09:31 Warning: Warning (512): <span style="color:Red;text-align:left"><b>SQL Error:</b> 1064: You have an error in your SQL syntax; check the manual that corresponds to your MySQL server version for the right syntax to use near 'debug' at line 1</span> in [C:\xampp\htdocs\cake\libs\model\datasources\dbo_source.php, line 684]
2011-10-04 02:10:37 Warning: Warning (512): <span style="color:Red;text-align:left"><b>SQL Error:</b> 1064: You have an error in your SQL syntax; check the manual that corresponds to your MySQL server version for the right syntax to use near 'debug' at line 1</span> in [C:\xampp\htdocs\cake\libs\model\datasources\dbo_source.php, line 684]
2011-10-04 02:10:49 Warning: Warning (512): <span style="color:Red;text-align:left"><b>SQL Error:</b> 1064: You have an error in your SQL syntax; check the manual that corresponds to your MySQL server version for the right syntax to use near 'debug' at line 1</span> in [C:\xampp\htdocs\cake\libs\model\datasources\dbo_source.php, line 684]
2011-10-04 02:47:14 Warning: Warning (2): Missing argument 2 for Controller::flash(), called in C:\xampp\htdocs\app\controllers\users_controller.php on line 36 and defined in [C:\xampp\htdocs\cake\libs\controller\controller.php, line 973]
2011-10-04 02:47:18 Warning: Warning (2): Missing argument 2 for Controller::flash(), called in C:\xampp\htdocs\app\controllers\users_controller.php on line 36 and defined in [C:\xampp\htdocs\cake\libs\controller\controller.php, line 973]
2011-10-04 03:23:38 Warning: Warning (2): Missing argument 1 for User::hashPasswords(), called in C:\xampp\htdocs\app\models\user.php on line 74 and defined in [C:\xampp\htdocs\app\models\user.php, line 65]
2011-10-06 04:36:21 Warning: Warning (2): Invalid argument supplied for foreach() in [C:\xampp\htdocs\app\views\threads\view.ctp, line 13]
2011-10-06 05:13:37 Warning: Warning (512): <span style="color:Red;text-align:left"><b>SQL Error:</b> 1054: Unknown column 'modified' in 'order clause'</span> in [C:\xampp\htdocs\cake\libs\model\datasources\dbo_source.php, line 684]
2011-10-06 05:15:10 Warning: Warning (512): <span style="color:Red;text-align:left"><b>SQL Error:</b> 1054: Unknown column 'modified' in 'order clause'</span> in [C:\xampp\htdocs\cake\libs\model\datasources\dbo_source.php, line 684]
2011-10-06 05:15:46 Warning: Warning (512): <span style="color:Red;text-align:left"><b>SQL Error:</b> 1054: Unknown column 'Thread.modified' in 'order clause'</span> in [C:\xampp\htdocs\cake\libs\model\datasources\dbo_source.php, line 684]
2011-10-06 05:15:49 Warning: Warning (512): <span style="color:Red;text-align:left"><b>SQL Error:</b> 1054: Unknown column 'Thread.modified' in 'order clause'</span> in [C:\xampp\htdocs\cake\libs\model\datasources\dbo_source.php, line 684]
2011-10-06 05:15:52 Warning: Warning (512): <span style="color:Red;text-align:left"><b>SQL Error:</b> 1054: Unknown column 'Thread.modified' in 'order clause'</span> in [C:\xampp\htdocs\cake\libs\model\datasources\dbo_source.php, line 684]
2011-10-07 01:48:18 Warning: Warning (2): strpos() expects parameter 1 to be string, array given in [C:\xampp\htdocs\cake\basics.php, line 237]
2011-10-07 01:48:18 Warning: Warning (2): explode() expects parameter 2 to be string, array given in [C:\xampp\htdocs\cake\basics.php, line 238]
2011-10-07 02:58:25 Warning: Warning (512): Method HtmlHelper::getCrumb does not exist in [C:\xampp\htdocs\cake\libs\view\helper.php, line 154]
2011-10-07 03:11:11 Warning: Warning (512): Method HtmlHelper::getCrumb does not exist in [C:\xampp\htdocs\cake\libs\view\helper.php, line 154]
2011-10-07 03:11:51 Warning: Warning (512): Method HtmlHelper::getCrumb does not exist in [C:\xampp\htdocs\cake\libs\view\helper.php, line 154]
2011-10-07 03:12:17 Warning: Warning (512): Method HtmlHelper::getCrumb does not exist in [C:\xampp\htdocs\cake\libs\view\helper.php, line 154]
2011-10-07 03:18:10 Warning: Warning (512): Method HtmlHelper::getCrumb does not exist in [C:\xampp\htdocs\cake\libs\view\helper.php, line 154]
2011-10-07 03:18:20 Warning: Warning (512): Method HtmlHelper::getCrumb does not exist in [C:\xampp\htdocs\cake\libs\view\helper.php, line 154]
2011-10-07 04:50:11 Warning: Warning (512): <span style="color:Red;text-align:left"><b>SQL Error:</b> 1054: Unknown column 'forum_id' in 'where clause'</span> in [C:\xampp\htdocs\cake\libs\model\datasources\dbo_source.php, line 684]
2011-10-07 04:56:02 Warning: Warning (512): <span style="color:Red;text-align:left"><b>SQL Error:</b> 1054: Unknown column 'Thread.forum_id' in 'where clause'</span> in [C:\xampp\htdocs\cake\libs\model\datasources\dbo_source.php, line 684]
2011-10-07 05:04:35 Warning: Warning (2): Invalid argument supplied for foreach() in [C:\xampp\htdocs\app\views\threads\view.ctp, line 20]
2011-10-08 06:13:16 Warning: Warning (512): <span style="color:Red;text-align:left"><b>SQL Error:</b> 1048: Column 'forum_id' cannot be null</span> in [C:\xampp\htdocs\cake\libs\model\datasources\dbo_source.php, line 684]
2011-10-09 00:47:42 Warning: Warning (512): <span style="color:Red;text-align:left"><b>SQL Error:</b> 1054: Unknown column 'user' in 'where clause'</span> in [C:\xampp\htdocs\cake\libs\model\datasources\dbo_source.php, line 684]
2011-10-09 05:27:37 Warning: Warning (512): Controller::paginate() - can't find model first in controller ThreadsController in [C:\xampp\htdocs\cake\libs\controller\controller.php, line 1102]
2011-10-09 05:27:52 Warning: Warning (512): Controller::paginate() - can't find model first in controller ThreadsController in [C:\xampp\htdocs\cake\libs\controller\controller.php, line 1102]
2011-10-09 05:29:24 Warning: Warning (512): Controller::paginate() - can't find model first in controller ThreadsController in [C:\xampp\htdocs\cake\libs\controller\controller.php, line 1102]
2011-10-09 05:32:55 Warning: Warning (512): Controller::paginate() - can't find model first in controller ThreadsController in [C:\xampp\htdocs\cake\libs\controller\controller.php, line 1102]
2011-10-09 06:11:17 Warning: Warning (2): in_array() expects parameter 2 to be array, string given in [C:\xampp\htdocs\cake\libs\controller\controller.php, line 1156]
2011-10-10 05:04:32 Warning: Warning (512): <span style="color:Red;text-align:left"><b>SQL Error:</b> 1054: Unknown column 'thread_id' in 'where clause'</span> in [C:\xampp\htdocs\cake\libs\model\datasources\dbo_source.php, line 684]
